#
# There is insufficient memory for the Java Runtime Environment to continue.
# Native memory allocation (malloc) failed to allocate 251056 bytes. Error detail: Chunk::new
# Possible reasons:
#   The system is out of physical RAM or swap space
#   This process is running with CompressedOops enabled, and the Java Heap may be blocking the growth of the native heap
# Possible solutions:
#   Reduce memory load on the system
#   Increase physical memory or swap space
#   Check if swap backing store is full
#   Decrease Java heap size (-Xmx/-Xms)
#   Decrease number of Java threads
#   Decrease Java thread stack sizes (-Xss)
#   Set larger code cache with -XX:ReservedCodeCacheSize=
#   JVM is running with Unscaled Compressed Oops mode in which the Java heap is
#     placed in the first 4GB address space. The Java Heap base address is the
#     maximum limit for the native heap growth. Please use -XX:HeapBaseMinAddress
#     to set the Java Heap base and to place the Java Heap above 4GB virtual address.
# This output file may be truncated or incomplete.
#
#  Out of Memory Error (arena.cpp:168), pid=34192, tid=804
#
# JRE version: OpenJDK Runtime Environment Temurin-21.0.7+6 (21.0.7+6) (build 21.0.7+6-LTS)
# Java VM: OpenJDK 64-Bit Server VM Temurin-21.0.7+6 (21.0.7+6-LTS, mixed mode, sharing, tiered, compressed oops, compressed class ptrs, parallel gc, windows-amd64)
# No core dump will be written. Minidumps are not enabled by default on client versions of Windows
#

---------------  S U M M A R Y ------------

Command Line: --add-modules=ALL-SYSTEM --add-opens=java.base/java.util=ALL-UNNAMED --add-opens=java.base/java.lang=ALL-UNNAMED --add-opens=java.base/sun.nio.fs=ALL-UNNAMED -Declipse.application=org.eclipse.jdt.ls.core.id1 -Dosgi.bundles.defaultStartLevel=4 -Declipse.product=org.eclipse.jdt.ls.core.product -Djava.import.generatesMetadataFilesAtProjectRoot=false -DDetectVMInstallationsJob.disabled=true -Dfile.encoding=utf8 -XX:+UseParallelGC -XX:GCTimeRatio=4 -XX:AdaptiveSizePolicyWeight=90 -Dsun.zip.disableMemoryMapping=true -Xmx1G -Xms100m -Xlog:disable -javaagent:c:\Users\kbre1\.vscode\extensions\redhat.java-1.42.0-win32-x64\lombok\lombok-1.18.36.jar c:\Users\kbre1\.vscode\extensions\redhat.java-1.42.0-win32-x64\server\plugins\org.eclipse.equinox.launcher_1.7.0.v20250424-1814.jar -configuration c:\Users\kbre1\AppData\Roaming\Code\User\globalStorage\redhat.java\1.42.0\config_ss_win -data c:\Users\kbre1\AppData\Roaming\Code\User\workspaceStorage\f7f399a47ae4d583e0a076f1800b6556\redhat.java\ss_ws --pipe=\\.\pipe\lsp-bd339de78470526a5e1de04369d53def-sock

Host: 13th Gen Intel(R) Core(TM) i7-1355U, 12 cores, 15G,  Windows 11 , 64 bit Build 26100 (10.0.26100.3912)
Time: Thu Jun 12 09:59:10 2025 SA Western Standard Time elapsed time: 14.684479 seconds (0d 0h 0m 14s)

---------------  T H R E A D  ---------------

Current thread (0x0000020ef9179fe0):  JavaThread "C2 CompilerThread0" daemon [_thread_in_native, id=804, stack(0x0000009e92600000,0x0000009e92700000) (1024K)]


Current CompileTask:
C2:14684 3686       4       java.lang.invoke.MethodType::methodType (69 bytes)

Stack: [0x0000009e92600000,0x0000009e92700000]
Native frames: (J=compiled Java code, j=interpreted, Vv=VM code, C=native code)
V  [jvm.dll+0x6ce119]
V  [jvm.dll+0x8a84a1]
V  [jvm.dll+0x8aa9ce]
V  [jvm.dll+0x8ab0b3]
V  [jvm.dll+0x27f8a6]
V  [jvm.dll+0xc507d]
V  [jvm.dll+0xc55b3]
V  [jvm.dll+0x5d7359]
V  [jvm.dll+0x382ad4]
V  [jvm.dll+0x381f0a]
V  [jvm.dll+0x247af0]
V  [jvm.dll+0x2470cf]
V  [jvm.dll+0x1c760e]
V  [jvm.dll+0x25695a]
V  [jvm.dll+0x254efa]
V  [jvm.dll+0x3f03f6]
V  [jvm.dll+0x851f6b]
V  [jvm.dll+0x6cc7dd]
C  [ucrtbase.dll+0x37b0]
C  [KERNEL32.DLL+0x2e8d7]
C  [ntdll.dll+0x9c5dc]


---------------  P R O C E S S  ---------------

Threads class SMR info:
_java_thread_list=0x0000020ed0543980, length=42, elements={
0x0000020ef2930190, 0x0000020ef7cf4f80, 0x0000020ef7cf5aa0, 0x0000020ef7d03ad0,
0x0000020ef7d04520, 0x0000020ef7d06430, 0x0000020ef9175f60, 0x0000020ef9179fe0,
0x0000020ef917a680, 0x0000020ef9266e30, 0x0000020ef92681e0, 0x0000020ef9265a80,
0x0000020ef92674c0, 0x0000020ef9264d60, 0x0000020ef9267b50, 0x0000020ef92653f0,
0x0000020ef9266110, 0x0000020ef92667a0, 0x0000020eff40ec90, 0x0000020eff40f320,
0x0000020eff6bb1e0, 0x0000020eff40d8e0, 0x0000020eff40f9b0, 0x0000020eff40c530,
0x0000020eff410040, 0x0000020eff40cbc0, 0x0000020eff4106d0, 0x0000020eff40d250,
0x0000020eff410d60, 0x0000020eff40df70, 0x0000020eff40e600, 0x0000020eff412e30,
0x0000020eff411a80, 0x0000020eff412110, 0x0000020eff4113f0, 0x0000020eff4127a0,
0x0000020eff4134c0, 0x0000020eff413b50, 0x0000020ed15e7580, 0x0000020ed15e8fc0,
0x0000020ed15e9650, 0x0000020ed15e9ce0
}

Java Threads: ( => current thread )
  0x0000020ef2930190 JavaThread "main"                              [_thread_blocked, id=26432, stack(0x0000009e91c00000,0x0000009e91d00000) (1024K)]
  0x0000020ef7cf4f80 JavaThread "Reference Handler"          daemon [_thread_blocked, id=18892, stack(0x0000009e92000000,0x0000009e92100000) (1024K)]
  0x0000020ef7cf5aa0 JavaThread "Finalizer"                  daemon [_thread_blocked, id=12656, stack(0x0000009e92100000,0x0000009e92200000) (1024K)]
  0x0000020ef7d03ad0 JavaThread "Signal Dispatcher"          daemon [_thread_blocked, id=18816, stack(0x0000009e92200000,0x0000009e92300000) (1024K)]
  0x0000020ef7d04520 JavaThread "Attach Listener"            daemon [_thread_blocked, id=22828, stack(0x0000009e92300000,0x0000009e92400000) (1024K)]
  0x0000020ef7d06430 JavaThread "Service Thread"             daemon [_thread_blocked, id=1708, stack(0x0000009e92400000,0x0000009e92500000) (1024K)]
  0x0000020ef9175f60 JavaThread "Monitor Deflation Thread"   daemon [_thread_blocked, id=21216, stack(0x0000009e92500000,0x0000009e92600000) (1024K)]
=>0x0000020ef9179fe0 JavaThread "C2 CompilerThread0"         daemon [_thread_in_native, id=804, stack(0x0000009e92600000,0x0000009e92700000) (1024K)]
  0x0000020ef917a680 JavaThread "C1 CompilerThread0"         daemon [_thread_in_native, id=30040, stack(0x0000009e92700000,0x0000009e92800000) (1024K)]
  0x0000020ef9266e30 JavaThread "Common-Cleaner"             daemon [_thread_blocked, id=22548, stack(0x0000009e92800000,0x0000009e92900000) (1024K)]
  0x0000020ef92681e0 JavaThread "Notification Thread"        daemon [_thread_blocked, id=26380, stack(0x0000009e92a00000,0x0000009e92b00000) (1024K)]
  0x0000020ef9265a80 JavaThread "Active Thread: Equinox Container: 7feaaf70-618f-4636-906e-7ff3cdd1c0f5"        [_thread_blocked, id=15508, stack(0x0000009e93200000,0x0000009e93300000) (1024K)]
  0x0000020ef92674c0 JavaThread "Framework Event Dispatcher: Equinox Container: 7feaaf70-618f-4636-906e-7ff3cdd1c0f5" daemon [_thread_blocked, id=41256, stack(0x0000009e92900000,0x0000009e92a00000) (1024K)]
  0x0000020ef9264d60 JavaThread "Start Level: Equinox Container: 7feaaf70-618f-4636-906e-7ff3cdd1c0f5" daemon [_thread_blocked, id=14200, stack(0x0000009e92b00000,0x0000009e92c00000) (1024K)]
  0x0000020ef9267b50 JavaThread "SCR Component Actor"        daemon [_thread_blocked, id=36376, stack(0x0000009e93300000,0x0000009e93400000) (1024K)]
  0x0000020ef92653f0 JavaThread "SCR Component Registry"     daemon [_thread_blocked, id=31756, stack(0x0000009e93500000,0x0000009e93600000) (1024K)]
  0x0000020ef9266110 JavaThread "Worker-JM"                         [_thread_blocked, id=17664, stack(0x0000009e93700000,0x0000009e93800000) (1024K)]
  0x0000020ef92667a0 JavaThread "JNA Cleaner"                daemon [_thread_blocked, id=8168, stack(0x0000009e93600000,0x0000009e93700000) (1024K)]
  0x0000020eff40ec90 JavaThread "Worker-0"                          [_thread_blocked, id=33588, stack(0x0000009e93a00000,0x0000009e93b00000) (1024K)]
  0x0000020eff40f320 JavaThread "Worker-1"                          [_thread_blocked, id=24448, stack(0x0000009e93b00000,0x0000009e93c00000) (1024K)]
  0x0000020eff6bb1e0 JavaThread "C2 CompilerThread1"         daemon [_thread_in_native, id=36632, stack(0x0000009e93c00000,0x0000009e93d00000) (1024K)]
  0x0000020eff40d8e0 JavaThread "Thread-2"                   daemon [_thread_in_native, id=40676, stack(0x0000009e93f00000,0x0000009e94000000) (1024K)]
  0x0000020eff40f9b0 JavaThread "Thread-3"                   daemon [_thread_in_native, id=34348, stack(0x0000009e94000000,0x0000009e94100000) (1024K)]
  0x0000020eff40c530 JavaThread "Thread-4"                   daemon [_thread_in_native, id=30752, stack(0x0000009e94100000,0x0000009e94200000) (1024K)]
  0x0000020eff410040 JavaThread "Thread-5"                   daemon [_thread_in_native, id=18660, stack(0x0000009e94200000,0x0000009e94300000) (1024K)]
  0x0000020eff40cbc0 JavaThread "Thread-6"                   daemon [_thread_in_native, id=15364, stack(0x0000009e94300000,0x0000009e94400000) (1024K)]
  0x0000020eff4106d0 JavaThread "Thread-7"                   daemon [_thread_in_native, id=1896, stack(0x0000009e94400000,0x0000009e94500000) (1024K)]
  0x0000020eff40d250 JavaThread "Thread-8"                   daemon [_thread_in_native, id=41460, stack(0x0000009e94500000,0x0000009e94600000) (1024K)]
  0x0000020eff410d60 JavaThread "Thread-9"                   daemon [_thread_in_native, id=30696, stack(0x0000009e94600000,0x0000009e94700000) (1024K)]
  0x0000020eff40df70 JavaThread "Thread-10"                  daemon [_thread_in_native, id=19508, stack(0x0000009e94700000,0x0000009e94800000) (1024K)]
  0x0000020eff40e600 JavaThread "Thread-11"                  daemon [_thread_in_native, id=19644, stack(0x0000009e94800000,0x0000009e94900000) (1024K)]
  0x0000020eff412e30 JavaThread "Thread-12"                  daemon [_thread_in_native, id=2340, stack(0x0000009e94900000,0x0000009e94a00000) (1024K)]
  0x0000020eff411a80 JavaThread "Thread-13"                  daemon [_thread_in_native, id=15180, stack(0x0000009e94a00000,0x0000009e94b00000) (1024K)]
  0x0000020eff412110 JavaThread "Thread-14"                  daemon [_thread_in_native, id=20336, stack(0x0000009e94b00000,0x0000009e94c00000) (1024K)]
  0x0000020eff4113f0 JavaThread "pool-2-thread-1"                   [_thread_blocked, id=34064, stack(0x0000009e94c00000,0x0000009e94d00000) (1024K)]
  0x0000020eff4127a0 JavaThread "Worker-2"                          [_thread_blocked, id=11676, stack(0x0000009e94d00000,0x0000009e94e00000) (1024K)]
  0x0000020eff4134c0 JavaThread "Worker-3"                          [_thread_blocked, id=23868, stack(0x0000009e94e00000,0x0000009e94f00000) (1024K)]
  0x0000020eff413b50 JavaThread "WorkspaceEventsHandler"            [_thread_blocked, id=8532, stack(0x0000009e94f00000,0x0000009e95000000) (1024K)]
  0x0000020ed15e7580 JavaThread "pool-1-thread-1"                   [_thread_blocked, id=6880, stack(0x0000009e95000000,0x0000009e95100000) (1024K)]
  0x0000020ed15e8fc0 JavaThread "ForkJoinPool.commonPool-worker-1" daemon [_thread_in_Java, id=22640, stack(0x0000009e95100000,0x0000009e95200000) (1024K)]
  0x0000020ed15e9650 JavaThread "ForkJoinPool.commonPool-worker-2" daemon [_thread_blocked, id=3088, stack(0x0000009e95200000,0x0000009e95300000) (1024K)]
  0x0000020ed15e9ce0 JavaThread "ForkJoinPool.commonPool-worker-3" daemon [_thread_blocked, id=42624, stack(0x0000009e95300000,0x0000009e95400000) (1024K)]
Total: 42

Other Threads:
  0x0000020ef29c3120 VMThread "VM Thread"                           [id=8584, stack(0x0000009e91f00000,0x0000009e92000000) (1024K)]
  0x0000020ef7beca00 WatcherThread "VM Periodic Task Thread"        [id=42072, stack(0x0000009e91e00000,0x0000009e91f00000) (1024K)]
  0x0000020ef2947670 WorkerThread "GC Thread#0"                     [id=19940, stack(0x0000009e91d00000,0x0000009e91e00000) (1024K)]
  0x0000020efa48b6b0 WorkerThread "GC Thread#1"                     [id=15256, stack(0x0000009e92c00000,0x0000009e92d00000) (1024K)]
  0x0000020efa31bbf0 WorkerThread "GC Thread#2"                     [id=19720, stack(0x0000009e92d00000,0x0000009e92e00000) (1024K)]
  0x0000020efa48ba50 WorkerThread "GC Thread#3"                     [id=15704, stack(0x0000009e92e00000,0x0000009e92f00000) (1024K)]
  0x0000020efa122e90 WorkerThread "GC Thread#4"                     [id=32248, stack(0x0000009e92f00000,0x0000009e93000000) (1024K)]
  0x0000020efa123640 WorkerThread "GC Thread#5"                     [id=2832, stack(0x0000009e93000000,0x0000009e93100000) (1024K)]
  0x0000020efa1239e0 WorkerThread "GC Thread#6"                     [id=17092, stack(0x0000009e93100000,0x0000009e93200000) (1024K)]
  0x0000020ef922ef90 WorkerThread "GC Thread#7"                     [id=10652, stack(0x0000009e93400000,0x0000009e93500000) (1024K)]
  0x0000020ef9261150 WorkerThread "GC Thread#8"                     [id=2208, stack(0x0000009e93800000,0x0000009e93900000) (1024K)]
  0x0000020ef9260db0 WorkerThread "GC Thread#9"                     [id=30520, stack(0x0000009e93900000,0x0000009e93a00000) (1024K)]
Total: 12

Threads with active compile tasks:
C2 CompilerThread0  14715 3686       4       java.lang.invoke.MethodType::methodType (69 bytes)
C1 CompilerThread0  14715 3769       3       jdk.internal.jimage.ImageLocation::getBase (6 bytes)
C2 CompilerThread1  14715 3708       4       java.lang.invoke.MethodType::makeImpl (109 bytes)
Total: 3

VM state: not at safepoint (normal execution)

VM Mutex/Monitor currently owned by a thread:  ([mutex/lock_event])
[0x00007ff9944dce88] MethodCompileQueue_lock - owner thread: 0x0000000000000000

Heap address: 0x00000000c0000000, size: 1024 MB, Compressed Oops mode: 32-bit

CDS archive(s) mapped at: [0x0000020e8f000000-0x0000020e8fba0000-0x0000020e8fba0000), size 12189696, SharedBaseAddress: 0x0000020e8f000000, ArchiveRelocationMode: 1.
Compressed class space mapped at: 0x0000020e90000000-0x0000020ed0000000, reserved size: 1073741824
Narrow klass base: 0x0000020e8f000000, Narrow klass shift: 0, Narrow klass range: 0x100000000

GC Precious Log:
 CardTable entry size: 512
 CPUs: 12 total, 12 available
 Memory: 16095M
 Large Page Support: Disabled
 NUMA Support: Disabled
 Compressed Oops: Enabled (32-bit)
 Alignments: Space 512K, Generation 512K, Heap 2M
 Heap Min Capacity: 100M
 Heap Initial Capacity: 100M
 Heap Max Capacity: 1G
 Pre-touch: Disabled
 Parallel Workers: 10

Heap:
 PSYoungGen      total 27648K, used 14014K [0x00000000eab00000, 0x00000000ecb00000, 0x0000000100000000)
  eden space 23552K, 42% used [0x00000000eab00000,0x00000000eb4d5b68,0x00000000ec200000)
  from space 4096K, 96% used [0x00000000ec280000,0x00000000ec659e50,0x00000000ec680000)
  to   space 4608K, 0% used [0x00000000ec680000,0x00000000ec680000,0x00000000ecb00000)
 ParOldGen       total 68608K, used 11663K [0x00000000c0000000, 0x00000000c4300000, 0x00000000eab00000)
  object space 68608K, 17% used [0x00000000c0000000,0x00000000c0b63fb0,0x00000000c4300000)
 Metaspace       used 31205K, committed 32000K, reserved 1114112K
  class space    used 3064K, committed 3392K, reserved 1048576K

Card table byte_map: [0x0000020ef22c0000,0x0000020ef24d0000] _byte_map_base: 0x0000020ef1cc0000

Marking Bits: (ParMarkBitMap*) 0x00007ff9944e31f0
 Begin Bits: [0x0000020ef5b10000, 0x0000020ef6b10000)
 End Bits:   [0x0000020ef6b10000, 0x0000020ef7b10000)

Polling page: 0x0000020ef1f20000

Metaspace:

Usage:
  Non-class:     27.48 MB used.
      Class:      2.99 MB used.
       Both:     30.47 MB used.

Virtual space:
  Non-class space:       64.00 MB reserved,      27.94 MB ( 44%) committed,  1 nodes.
      Class space:        1.00 GB reserved,       3.31 MB ( <1%) committed,  1 nodes.
             Both:        1.06 GB reserved,      31.25 MB (  3%) committed. 

Chunk freelists:
   Non-Class:  3.36 MB
       Class:  12.63 MB
        Both:  15.99 MB

MaxMetaspaceSize: unlimited
CompressedClassSpaceSize: 1.00 GB
Initial GC threshold: 21.00 MB
Current GC threshold: 35.00 MB
CDS: on
 - commit_granule_bytes: 65536.
 - commit_granule_words: 8192.
 - virtual_space_node_default_size: 8388608.
 - enlarge_chunks_in_place: 1.
 - use_allocation_guard: 0.


Internal statistics:

num_allocs_failed_limit: 3.
num_arena_births: 610.
num_arena_deaths: 14.
num_vsnodes_births: 2.
num_vsnodes_deaths: 0.
num_space_committed: 501.
num_space_uncommitted: 0.
num_chunks_returned_to_freelist: 17.
num_chunks_taken_from_freelist: 1830.
num_chunk_merges: 9.
num_chunk_splits: 1190.
num_chunks_enlarged: 775.
num_inconsistent_stats: 0.

CodeHeap 'non-profiled nmethods': size=120000Kb used=1734Kb max_used=1734Kb free=118265Kb
 bounds [0x0000020e87ad0000, 0x0000020e87d40000, 0x0000020e8f000000]
CodeHeap 'profiled nmethods': size=120000Kb used=7358Kb max_used=7358Kb free=112641Kb
 bounds [0x0000020e80000000, 0x0000020e80730000, 0x0000020e87530000]
CodeHeap 'non-nmethods': size=5760Kb used=1355Kb max_used=1389Kb free=4404Kb
 bounds [0x0000020e87530000, 0x0000020e877a0000, 0x0000020e87ad0000]
 total_blobs=4408 nmethods=3759 adapters=554
 compilation: enabled
              stopped_count=0, restarted_count=0
 full_count=0

Compilation events (20 events):
Event: 14.655 Thread 0x0000020ef917a680 3726       3       java.security.SecureClassLoader$CodeSourceKey::<init> (10 bytes)
Event: 14.656 Thread 0x0000020ef917a680 nmethod 3726 0x0000020e8071aa90 code [0x0000020e8071ac40, 0x0000020e8071ae28]
Event: 14.656 Thread 0x0000020ef917a680 3727       3       java.security.SecureClassLoader$1::<init> (10 bytes)
Event: 14.656 Thread 0x0000020ef917a680 nmethod 3727 0x0000020e8071af10 code [0x0000020e8071b0c0, 0x0000020e8071b248]
Event: 14.656 Thread 0x0000020ef917a680 3728       3       java.security.SecureClassLoader$CodeSourceKey::hashCode (21 bytes)
Event: 14.656 Thread 0x0000020ef917a680 nmethod 3728 0x0000020e8071b310 code [0x0000020e8071b4c0, 0x0000020e8071b690]
Event: 14.674 Thread 0x0000020ef917a680 3729   !   3       java.lang.invoke.InnerClassLambdaMetafactory::generateInnerClass (506 bytes)
Event: 14.677 Thread 0x0000020ef917a680 nmethod 3729 0x0000020e8071b790 code [0x0000020e8071bc20, 0x0000020e8071db60]
Event: 14.677 Thread 0x0000020ef917a680 3732       2       jdk.internal.util.StrongReferenceKey::equals (28 bytes)
Event: 14.677 Thread 0x0000020ef917a680 nmethod 3732 0x0000020e8071e910 code [0x0000020e8071eae0, 0x0000020e8071ed40]
Event: 14.677 Thread 0x0000020ef917a680 3731       3       java.lang.invoke.InnerClassLambdaMetafactory$ForwardingMethodGenerator::convertArgumentTypes (96 bytes)
Event: 14.678 Thread 0x0000020ef917a680 nmethod 3731 0x0000020e8071ee10 code [0x0000020e8071f060, 0x0000020e8071fa80]
Event: 14.678 Thread 0x0000020ef917a680 3730       3       java.lang.invoke.InnerClassLambdaMetafactory$ForwardingMethodGenerator::generate (272 bytes)
Event: 14.680 Thread 0x0000020ef917a680 nmethod 3730 0x0000020e8071ff90 code [0x0000020e80720340, 0x0000020e80721e88]
Event: 14.680 Thread 0x0000020ef917a680 3738       3       sun.invoke.util.VerifyType::isNullType (18 bytes)
Event: 14.680 Thread 0x0000020ef917a680 nmethod 3738 0x0000020e80722710 code [0x0000020e807228c0, 0x0000020e80722a80]
Event: 14.680 Thread 0x0000020ef917a680 3734   !   3       java.lang.invoke.LambdaForm::lambdaName (49 bytes)
Event: 14.680 Thread 0x0000020ef917a680 nmethod 3734 0x0000020e80722b10 code [0x0000020e80722ca0, 0x0000020e80722dc8]
Event: 14.681 Thread 0x0000020ef917a680 3735       3       java.lang.invoke.MethodHandles::classData (17 bytes)
Event: 14.681 Thread 0x0000020ef917a680 nmethod 3735 0x0000020e80722e90 code [0x0000020e80723080, 0x0000020e80723450]

GC Heap History (20 events):
Event: 1.119 GC heap before
{Heap before GC invocations=1 (full 0):
 PSYoungGen      total 29696K, used 25600K [0x00000000eab00000, 0x00000000ecc00000, 0x0000000100000000)
  eden space 25600K, 100% used [0x00000000eab00000,0x00000000ec400000,0x00000000ec400000)
  from space 4096K, 0% used [0x00000000ec800000,0x00000000ec800000,0x00000000ecc00000)
  to   space 4096K, 0% used [0x00000000ec400000,0x00000000ec400000,0x00000000ec800000)
 ParOldGen       total 68608K, used 0K [0x00000000c0000000, 0x00000000c4300000, 0x00000000eab00000)
  object space 68608K, 0% used [0x00000000c0000000,0x00000000c0000000,0x00000000c4300000)
 Metaspace       used 4323K, committed 4544K, reserved 1114112K
  class space    used 461K, committed 576K, reserved 1048576K
}
Event: 1.126 GC heap after
{Heap after GC invocations=1 (full 0):
 PSYoungGen      total 29696K, used 3270K [0x00000000eab00000, 0x00000000ecc00000, 0x0000000100000000)
  eden space 25600K, 0% used [0x00000000eab00000,0x00000000eab00000,0x00000000ec400000)
  from space 4096K, 79% used [0x00000000ec400000,0x00000000ec731870,0x00000000ec800000)
  to   space 4096K, 0% used [0x00000000ec800000,0x00000000ec800000,0x00000000ecc00000)
 ParOldGen       total 68608K, used 16K [0x00000000c0000000, 0x00000000c4300000, 0x00000000eab00000)
  object space 68608K, 0% used [0x00000000c0000000,0x00000000c0004000,0x00000000c4300000)
 Metaspace       used 4323K, committed 4544K, reserved 1114112K
  class space    used 461K, committed 576K, reserved 1048576K
}
Event: 10.791 GC heap before
{Heap before GC invocations=2 (full 0):
 PSYoungGen      total 29696K, used 28870K [0x00000000eab00000, 0x00000000ecc00000, 0x0000000100000000)
  eden space 25600K, 100% used [0x00000000eab00000,0x00000000ec400000,0x00000000ec400000)
  from space 4096K, 79% used [0x00000000ec400000,0x00000000ec731870,0x00000000ec800000)
  to   space 4096K, 0% used [0x00000000ec800000,0x00000000ec800000,0x00000000ecc00000)
 ParOldGen       total 68608K, used 16K [0x00000000c0000000, 0x00000000c4300000, 0x00000000eab00000)
  object space 68608K, 0% used [0x00000000c0000000,0x00000000c0004018,0x00000000c4300000)
 Metaspace       used 8255K, committed 8576K, reserved 1114112K
  class space    used 850K, committed 1024K, reserved 1048576K
}
Event: 10.798 GC heap after
{Heap after GC invocations=2 (full 0):
 PSYoungGen      total 29696K, used 4068K [0x00000000eab00000, 0x00000000ecc00000, 0x0000000100000000)
  eden space 25600K, 0% used [0x00000000eab00000,0x00000000eab00000,0x00000000ec400000)
  from space 4096K, 99% used [0x00000000ec800000,0x00000000ecbf91f8,0x00000000ecc00000)
  to   space 4096K, 0% used [0x00000000ec400000,0x00000000ec400000,0x00000000ec800000)
 ParOldGen       total 68608K, used 931K [0x00000000c0000000, 0x00000000c4300000, 0x00000000eab00000)
  object space 68608K, 1% used [0x00000000c0000000,0x00000000c00e8ec0,0x00000000c4300000)
 Metaspace       used 8255K, committed 8576K, reserved 1114112K
  class space    used 850K, committed 1024K, reserved 1048576K
}
Event: 11.604 GC heap before
{Heap before GC invocations=3 (full 0):
 PSYoungGen      total 29696K, used 29668K [0x00000000eab00000, 0x00000000ecc00000, 0x0000000100000000)
  eden space 25600K, 100% used [0x00000000eab00000,0x00000000ec400000,0x00000000ec400000)
  from space 4096K, 99% used [0x00000000ec800000,0x00000000ecbf91f8,0x00000000ecc00000)
  to   space 4096K, 0% used [0x00000000ec400000,0x00000000ec400000,0x00000000ec800000)
 ParOldGen       total 68608K, used 934K [0x00000000c0000000, 0x00000000c4300000, 0x00000000eab00000)
  object space 68608K, 1% used [0x00000000c0000000,0x00000000c00e9838,0x00000000c4300000)
 Metaspace       used 13034K, committed 13568K, reserved 1114112K
  class space    used 1337K, committed 1536K, reserved 1048576K
}
Event: 11.609 GC heap after
{Heap after GC invocations=3 (full 0):
 PSYoungGen      total 29696K, used 4083K [0x00000000eab00000, 0x00000000ecc00000, 0x0000000100000000)
  eden space 25600K, 0% used [0x00000000eab00000,0x00000000eab00000,0x00000000ec400000)
  from space 4096K, 99% used [0x00000000ec400000,0x00000000ec7fcf28,0x00000000ec800000)
  to   space 4096K, 0% used [0x00000000ec800000,0x00000000ec800000,0x00000000ecc00000)
 ParOldGen       total 68608K, used 2772K [0x00000000c0000000, 0x00000000c4300000, 0x00000000eab00000)
  object space 68608K, 4% used [0x00000000c0000000,0x00000000c02b52e0,0x00000000c4300000)
 Metaspace       used 13034K, committed 13568K, reserved 1114112K
  class space    used 1337K, committed 1536K, reserved 1048576K
}
Event: 12.553 GC heap before
{Heap before GC invocations=4 (full 0):
 PSYoungGen      total 29696K, used 29683K [0x00000000eab00000, 0x00000000ecc00000, 0x0000000100000000)
  eden space 25600K, 100% used [0x00000000eab00000,0x00000000ec400000,0x00000000ec400000)
  from space 4096K, 99% used [0x00000000ec400000,0x00000000ec7fcf28,0x00000000ec800000)
  to   space 4096K, 0% used [0x00000000ec800000,0x00000000ec800000,0x00000000ecc00000)
 ParOldGen       total 68608K, used 2772K [0x00000000c0000000, 0x00000000c4300000, 0x00000000eab00000)
  object space 68608K, 4% used [0x00000000c0000000,0x00000000c02b52e0,0x00000000c4300000)
 Metaspace       used 16604K, committed 17152K, reserved 1114112K
  class space    used 1692K, committed 1920K, reserved 1048576K
}
Event: 12.559 GC heap after
{Heap after GC invocations=4 (full 0):
 PSYoungGen      total 29696K, used 4089K [0x00000000eab00000, 0x00000000ecc00000, 0x0000000100000000)
  eden space 25600K, 0% used [0x00000000eab00000,0x00000000eab00000,0x00000000ec400000)
  from space 4096K, 99% used [0x00000000ec800000,0x00000000ecbfe730,0x00000000ecc00000)
  to   space 4096K, 0% used [0x00000000ec400000,0x00000000ec400000,0x00000000ec800000)
 ParOldGen       total 68608K, used 5650K [0x00000000c0000000, 0x00000000c4300000, 0x00000000eab00000)
  object space 68608K, 8% used [0x00000000c0000000,0x00000000c0584838,0x00000000c4300000)
 Metaspace       used 16604K, committed 17152K, reserved 1114112K
  class space    used 1692K, committed 1920K, reserved 1048576K
}
Event: 12.912 GC heap before
{Heap before GC invocations=5 (full 0):
 PSYoungGen      total 29696K, used 29689K [0x00000000eab00000, 0x00000000ecc00000, 0x0000000100000000)
  eden space 25600K, 100% used [0x00000000eab00000,0x00000000ec400000,0x00000000ec400000)
  from space 4096K, 99% used [0x00000000ec800000,0x00000000ecbfe730,0x00000000ecc00000)
  to   space 4096K, 0% used [0x00000000ec400000,0x00000000ec400000,0x00000000ec800000)
 ParOldGen       total 68608K, used 5650K [0x00000000c0000000, 0x00000000c4300000, 0x00000000eab00000)
  object space 68608K, 8% used [0x00000000c0000000,0x00000000c0584838,0x00000000c4300000)
 Metaspace       used 19902K, committed 20608K, reserved 1114112K
  class space    used 1919K, committed 2240K, reserved 1048576K
}
Event: 12.917 GC heap after
{Heap after GC invocations=5 (full 0):
 PSYoungGen      total 29184K, used 4071K [0x00000000eab00000, 0x00000000ece80000, 0x0000000100000000)
  eden space 25088K, 0% used [0x00000000eab00000,0x00000000eab00000,0x00000000ec380000)
  from space 4096K, 99% used [0x00000000ec400000,0x00000000ec7f9d90,0x00000000ec800000)
  to   space 5632K, 0% used [0x00000000ec900000,0x00000000ec900000,0x00000000ece80000)
 ParOldGen       total 68608K, used 5859K [0x00000000c0000000, 0x00000000c4300000, 0x00000000eab00000)
  object space 68608K, 8% used [0x00000000c0000000,0x00000000c05b8c08,0x00000000c4300000)
 Metaspace       used 19902K, committed 20608K, reserved 1114112K
  class space    used 1919K, committed 2240K, reserved 1048576K
}
Event: 12.986 GC heap before
{Heap before GC invocations=6 (full 0):
 PSYoungGen      total 29184K, used 11675K [0x00000000eab00000, 0x00000000ece80000, 0x0000000100000000)
  eden space 25088K, 30% used [0x00000000eab00000,0x00000000eb26ce90,0x00000000ec380000)
  from space 4096K, 99% used [0x00000000ec400000,0x00000000ec7f9d90,0x00000000ec800000)
  to   space 5632K, 0% used [0x00000000ec900000,0x00000000ec900000,0x00000000ece80000)
 ParOldGen       total 68608K, used 5859K [0x00000000c0000000, 0x00000000c4300000, 0x00000000eab00000)
  object space 68608K, 8% used [0x00000000c0000000,0x00000000c05b8c08,0x00000000c4300000)
 Metaspace       used 20884K, committed 21504K, reserved 1114112K
  class space    used 2006K, committed 2304K, reserved 1048576K
}
Event: 12.989 GC heap after
{Heap after GC invocations=6 (full 0):
 PSYoungGen      total 29696K, used 4195K [0x00000000eab00000, 0x00000000ecd80000, 0x0000000100000000)
  eden space 25088K, 0% used [0x00000000eab00000,0x00000000eab00000,0x00000000ec380000)
  from space 4608K, 91% used [0x00000000ec900000,0x00000000ecd18ec8,0x00000000ecd80000)
  to   space 4608K, 0% used [0x00000000ec480000,0x00000000ec480000,0x00000000ec900000)
 ParOldGen       total 68608K, used 5859K [0x00000000c0000000, 0x00000000c4300000, 0x00000000eab00000)
  object space 68608K, 8% used [0x00000000c0000000,0x00000000c05b8c08,0x00000000c4300000)
 Metaspace       used 20884K, committed 21504K, reserved 1114112K
  class space    used 2006K, committed 2304K, reserved 1048576K
}
Event: 12.989 GC heap before
{Heap before GC invocations=7 (full 1):
 PSYoungGen      total 29696K, used 4195K [0x00000000eab00000, 0x00000000ecd80000, 0x0000000100000000)
  eden space 25088K, 0% used [0x00000000eab00000,0x00000000eab00000,0x00000000ec380000)
  from space 4608K, 91% used [0x00000000ec900000,0x00000000ecd18ec8,0x00000000ecd80000)
  to   space 4608K, 0% used [0x00000000ec480000,0x00000000ec480000,0x00000000ec900000)
 ParOldGen       total 68608K, used 5859K [0x00000000c0000000, 0x00000000c4300000, 0x00000000eab00000)
  object space 68608K, 8% used [0x00000000c0000000,0x00000000c05b8c08,0x00000000c4300000)
 Metaspace       used 20884K, committed 21504K, reserved 1114112K
  class space    used 2006K, committed 2304K, reserved 1048576K
}
Event: 13.036 GC heap after
{Heap after GC invocations=7 (full 1):
 PSYoungGen      total 29696K, used 0K [0x00000000eab00000, 0x00000000ecd80000, 0x0000000100000000)
  eden space 25088K, 0% used [0x00000000eab00000,0x00000000eab00000,0x00000000ec380000)
  from space 4608K, 0% used [0x00000000ec900000,0x00000000ec900000,0x00000000ecd80000)
  to   space 4608K, 0% used [0x00000000ec480000,0x00000000ec480000,0x00000000ec900000)
 ParOldGen       total 68608K, used 9693K [0x00000000c0000000, 0x00000000c4300000, 0x00000000eab00000)
  object space 68608K, 14% used [0x00000000c0000000,0x00000000c0977560,0x00000000c4300000)
 Metaspace       used 20871K, committed 21504K, reserved 1114112K
  class space    used 2002K, committed 2304K, reserved 1048576K
}
Event: 13.399 GC heap before
{Heap before GC invocations=8 (full 1):
 PSYoungGen      total 29696K, used 25088K [0x00000000eab00000, 0x00000000ecd80000, 0x0000000100000000)
  eden space 25088K, 100% used [0x00000000eab00000,0x00000000ec380000,0x00000000ec380000)
  from space 4608K, 0% used [0x00000000ec900000,0x00000000ec900000,0x00000000ecd80000)
  to   space 4608K, 0% used [0x00000000ec480000,0x00000000ec480000,0x00000000ec900000)
 ParOldGen       total 68608K, used 9693K [0x00000000c0000000, 0x00000000c4300000, 0x00000000eab00000)
  object space 68608K, 14% used [0x00000000c0000000,0x00000000c0977560,0x00000000c4300000)
 Metaspace       used 22923K, committed 23616K, reserved 1114112K
  class space    used 2158K, committed 2432K, reserved 1048576K
}
Event: 13.403 GC heap after
{Heap after GC invocations=8 (full 1):
 PSYoungGen      total 27648K, used 2711K [0x00000000eab00000, 0x00000000eca00000, 0x0000000100000000)
  eden space 24576K, 0% used [0x00000000eab00000,0x00000000eab00000,0x00000000ec300000)
  from space 3072K, 88% used [0x00000000ec480000,0x00000000ec725f80,0x00000000ec780000)
  to   space 2560K, 0% used [0x00000000ec780000,0x00000000ec780000,0x00000000eca00000)
 ParOldGen       total 68608K, used 9701K [0x00000000c0000000, 0x00000000c4300000, 0x00000000eab00000)
  object space 68608K, 14% used [0x00000000c0000000,0x00000000c0979560,0x00000000c4300000)
 Metaspace       used 22923K, committed 23616K, reserved 1114112K
  class space    used 2158K, committed 2432K, reserved 1048576K
}
Event: 13.977 GC heap before
{Heap before GC invocations=9 (full 1):
 PSYoungGen      total 27648K, used 27287K [0x00000000eab00000, 0x00000000eca00000, 0x0000000100000000)
  eden space 24576K, 100% used [0x00000000eab00000,0x00000000ec300000,0x00000000ec300000)
  from space 3072K, 88% used [0x00000000ec480000,0x00000000ec725f80,0x00000000ec780000)
  to   space 2560K, 0% used [0x00000000ec780000,0x00000000ec780000,0x00000000eca00000)
 ParOldGen       total 68608K, used 9701K [0x00000000c0000000, 0x00000000c4300000, 0x00000000eab00000)
  object space 68608K, 14% used [0x00000000c0000000,0x00000000c0979560,0x00000000c4300000)
 Metaspace       used 26533K, committed 27264K, reserved 1114112K
  class space    used 2548K, committed 2816K, reserved 1048576K
}
Event: 13.981 GC heap after
{Heap after GC invocations=9 (full 1):
 PSYoungGen      total 26624K, used 2544K [0x00000000eab00000, 0x00000000ecc80000, 0x0000000100000000)
  eden space 24064K, 0% used [0x00000000eab00000,0x00000000eab00000,0x00000000ec280000)
  from space 2560K, 99% used [0x00000000ec780000,0x00000000ec9fc048,0x00000000eca00000)
  to   space 5120K, 0% used [0x00000000ec280000,0x00000000ec280000,0x00000000ec780000)
 ParOldGen       total 68608K, used 11655K [0x00000000c0000000, 0x00000000c4300000, 0x00000000eab00000)
  object space 68608K, 16% used [0x00000000c0000000,0x00000000c0b61fb0,0x00000000c4300000)
 Metaspace       used 26533K, committed 27264K, reserved 1114112K
  class space    used 2548K, committed 2816K, reserved 1048576K
}
Event: 14.417 GC heap before
{Heap before GC invocations=10 (full 1):
 PSYoungGen      total 26624K, used 26608K [0x00000000eab00000, 0x00000000ecc80000, 0x0000000100000000)
  eden space 24064K, 100% used [0x00000000eab00000,0x00000000ec280000,0x00000000ec280000)
  from space 2560K, 99% used [0x00000000ec780000,0x00000000ec9fc048,0x00000000eca00000)
  to   space 5120K, 0% used [0x00000000ec280000,0x00000000ec280000,0x00000000ec780000)
 ParOldGen       total 68608K, used 11655K [0x00000000c0000000, 0x00000000c4300000, 0x00000000eab00000)
  object space 68608K, 16% used [0x00000000c0000000,0x00000000c0b61fb0,0x00000000c4300000)
 Metaspace       used 29661K, committed 30464K, reserved 1114112K
  class space    used 2909K, committed 3264K, reserved 1048576K
}
Event: 14.420 GC heap after
{Heap after GC invocations=10 (full 1):
 PSYoungGen      total 27648K, used 3943K [0x00000000eab00000, 0x00000000ecb00000, 0x0000000100000000)
  eden space 23552K, 0% used [0x00000000eab00000,0x00000000eab00000,0x00000000ec200000)
  from space 4096K, 96% used [0x00000000ec280000,0x00000000ec659e50,0x00000000ec680000)
  to   space 4608K, 0% used [0x00000000ec680000,0x00000000ec680000,0x00000000ecb00000)
 ParOldGen       total 68608K, used 11663K [0x00000000c0000000, 0x00000000c4300000, 0x00000000eab00000)
  object space 68608K, 17% used [0x00000000c0000000,0x00000000c0b63fb0,0x00000000c4300000)
 Metaspace       used 29661K, committed 30464K, reserved 1114112K
  class space    used 2909K, committed 3264K, reserved 1048576K
}

Dll operation events (10 events):
Event: 0.107 Loaded shared library c:\Users\kbre1\.vscode\extensions\redhat.java-1.42.0-win32-x64\jre\21.0.7-win32-x86_64\bin\java.dll
Event: 0.272 Loaded shared library c:\Users\kbre1\.vscode\extensions\redhat.java-1.42.0-win32-x64\jre\21.0.7-win32-x86_64\bin\zip.dll
Event: 0.304 Loaded shared library C:\Users\kbre1\.vscode\extensions\redhat.java-1.42.0-win32-x64\jre\21.0.7-win32-x86_64\bin\instrument.dll
Event: 0.311 Loaded shared library C:\Users\kbre1\.vscode\extensions\redhat.java-1.42.0-win32-x64\jre\21.0.7-win32-x86_64\bin\net.dll
Event: 0.316 Loaded shared library C:\Users\kbre1\.vscode\extensions\redhat.java-1.42.0-win32-x64\jre\21.0.7-win32-x86_64\bin\nio.dll
Event: 0.318 Loaded shared library C:\Users\kbre1\.vscode\extensions\redhat.java-1.42.0-win32-x64\jre\21.0.7-win32-x86_64\bin\zip.dll
Event: 0.342 Loaded shared library C:\Users\kbre1\.vscode\extensions\redhat.java-1.42.0-win32-x64\jre\21.0.7-win32-x86_64\bin\jimage.dll
Event: 0.432 Loaded shared library c:\Users\kbre1\.vscode\extensions\redhat.java-1.42.0-win32-x64\jre\21.0.7-win32-x86_64\bin\verify.dll
Event: 10.747 Loaded shared library C:\Users\kbre1\AppData\Roaming\Code\User\globalStorage\redhat.java\1.42.0\config_ss_win\org.eclipse.equinox.launcher\org.eclipse.equinox.launcher.win32.win32.x86_64_1.2.1300.v20250331-1702\eclipse_11911.dll
Event: 12.272 Loaded shared library C:\Users\kbre1\AppData\Local\Temp\jna-101848999\jna6273937893085247742.dll

Deoptimization events (20 events):
Event: 14.604 Thread 0x0000020ed15e7580 Uncommon trap: trap_request=0xffffffde fr.pc=0x0000020e87bf0c4c relative=0x0000000000000b6c
Event: 14.604 Thread 0x0000020ed15e9650 Uncommon trap: trap_request=0xffffffde fr.pc=0x0000020e87c37d4c relative=0x00000000000000ac
Event: 14.604 Thread 0x0000020ed15e7580 Uncommon trap: reason=class_check action=maybe_recompile pc=0x0000020e87bf0c4c method=java.util.concurrent.ConcurrentHashMap.putVal(Ljava/lang/Object;Ljava/lang/Object;Z)Ljava/lang/Object; @ 242 c2
Event: 14.604 Thread 0x0000020ed15e9650 Uncommon trap: reason=class_check action=maybe_recompile pc=0x0000020e87c37d4c method=jdk.internal.util.StrongReferenceKey.equals(Ljava/lang/Object;)Z @ 1 c2
Event: 14.604 Thread 0x0000020ed15e7580 DEOPT PACKING pc=0x0000020e87bf0c4c sp=0x0000009e950fc9e0
Event: 14.604 Thread 0x0000020ed15e7580 DEOPT UNPACKING pc=0x0000020e87583aa2 sp=0x0000009e950fc950 mode 2
Event: 14.604 Thread 0x0000020ed15e9650 DEOPT PACKING pc=0x0000020e87c37d4c sp=0x0000009e952fce60
Event: 14.604 Thread 0x0000020ed15e9650 DEOPT UNPACKING pc=0x0000020e87583aa2 sp=0x0000009e952fcde8 mode 2
Event: 14.606 Thread 0x0000020ed15e7580 Uncommon trap: trap_request=0xffffff45 fr.pc=0x0000020e87bf0a64 relative=0x0000000000000984
Event: 14.606 Thread 0x0000020ed15e9ce0 Uncommon trap: trap_request=0xffffffde fr.pc=0x0000020e87c37d4c relative=0x00000000000000ac
Event: 14.606 Thread 0x0000020ed15e7580 Uncommon trap: reason=unstable_if action=reinterpret pc=0x0000020e87bf0a64 method=java.util.concurrent.ConcurrentHashMap.putVal(Ljava/lang/Object;Ljava/lang/Object;Z)Ljava/lang/Object; @ 97 c2
Event: 14.606 Thread 0x0000020ed15e9ce0 Uncommon trap: reason=class_check action=maybe_recompile pc=0x0000020e87c37d4c method=jdk.internal.util.StrongReferenceKey.equals(Ljava/lang/Object;)Z @ 1 c2
Event: 14.606 Thread 0x0000020ed15e7580 DEOPT PACKING pc=0x0000020e87bf0a64 sp=0x0000009e950fcb90
Event: 14.606 Thread 0x0000020ed15e7580 DEOPT UNPACKING pc=0x0000020e87583aa2 sp=0x0000009e950fcb18 mode 2
Event: 14.606 Thread 0x0000020ed15e9ce0 DEOPT PACKING pc=0x0000020e87c37d4c sp=0x0000009e953fcd10
Event: 14.606 Thread 0x0000020ed15e9ce0 DEOPT UNPACKING pc=0x0000020e87583aa2 sp=0x0000009e953fcc98 mode 2
Event: 14.678 Thread 0x0000020ed15e8fc0 Uncommon trap: trap_request=0xfffffff4 fr.pc=0x0000020e87c630fc relative=0x000000000000033c
Event: 14.678 Thread 0x0000020ed15e8fc0 Uncommon trap: reason=null_check action=make_not_entrant pc=0x0000020e87c630fc method=sun.invoke.util.VerifyType.isNullConversion(Ljava/lang/Class;Ljava/lang/Class;Z)Z @ 67 c2
Event: 14.678 Thread 0x0000020ed15e8fc0 DEOPT PACKING pc=0x0000020e87c630fc sp=0x0000009e951fd190
Event: 14.678 Thread 0x0000020ed15e8fc0 DEOPT UNPACKING pc=0x0000020e87583aa2 sp=0x0000009e951fd110 mode 2

Classes loaded (20 events):
Event: 14.646 Loading class java/io/IOError
Event: 14.646 Loading class java/io/IOError done
Event: 14.672 Loading class java/nio/channels/FileChannel$MapMode
Event: 14.673 Loading class java/nio/channels/FileChannel$MapMode done
Event: 14.673 Loading class java/nio/channels/spi/AbstractInterruptibleChannel$1
Event: 14.673 Loading class sun/nio/ch/Interruptible
Event: 14.673 Loading class sun/nio/ch/Interruptible done
Event: 14.673 Loading class java/nio/channels/spi/AbstractInterruptibleChannel$1 done
Event: 14.673 Loading class jdk/internal/misc/ExtendedMapMode
Event: 14.674 Loading class jdk/internal/misc/ExtendedMapMode done
Event: 14.675 Loading class sun/nio/ch/FileChannelImpl$DefaultUnmapper
Event: 14.675 Loading class sun/nio/ch/FileChannelImpl$Unmapper
Event: 14.675 Loading class jdk/internal/access/foreign/UnmapperProxy
Event: 14.676 Loading class jdk/internal/access/foreign/UnmapperProxy done
Event: 14.676 Loading class sun/nio/ch/FileChannelImpl$Unmapper done
Event: 14.676 Loading class sun/nio/ch/FileChannelImpl$DefaultUnmapper done
Event: 14.676 Loading class sun/nio/ch/Util$4
Event: 14.676 Loading class sun/nio/ch/Util$4 done
Event: 14.676 Loading class java/lang/foreign/MemorySegment
Event: 14.677 Loading class java/lang/foreign/MemorySegment done

Classes unloaded (7 events):
Event: 13.011 Thread 0x0000020ef29c3120 Unloading class 0x0000020e90188c00 'java/lang/invoke/LambdaForm$MH+0x0000020e90188c00'
Event: 13.011 Thread 0x0000020ef29c3120 Unloading class 0x0000020e90188800 'java/lang/invoke/LambdaForm$MH+0x0000020e90188800'
Event: 13.011 Thread 0x0000020ef29c3120 Unloading class 0x0000020e90188400 'java/lang/invoke/LambdaForm$MH+0x0000020e90188400'
Event: 13.011 Thread 0x0000020ef29c3120 Unloading class 0x0000020e90188000 'java/lang/invoke/LambdaForm$MH+0x0000020e90188000'
Event: 13.011 Thread 0x0000020ef29c3120 Unloading class 0x0000020e90187c00 'java/lang/invoke/LambdaForm$BMH+0x0000020e90187c00'
Event: 13.011 Thread 0x0000020ef29c3120 Unloading class 0x0000020e90187800 'java/lang/invoke/LambdaForm$DMH+0x0000020e90187800'
Event: 13.011 Thread 0x0000020ef29c3120 Unloading class 0x0000020e90186400 'java/lang/invoke/LambdaForm$DMH+0x0000020e90186400'

Classes redefined (0 events):
No events

Internal exceptions (20 events):
Event: 13.989 Thread 0x0000020eff40ec90 Exception <a 'sun/nio/fs/WindowsException'{0x00000000eab38818}> (0x00000000eab38818) 
thrown [s\src\hotspot\share\prims\jni.cpp, line 520]
Event: 13.989 Thread 0x0000020eff40ec90 Exception <a 'sun/nio/fs/WindowsException'{0x00000000eab39cd8}> (0x00000000eab39cd8) 
thrown [s\src\hotspot\share\prims\jni.cpp, line 520]
Event: 13.990 Thread 0x0000020eff40ec90 Exception <a 'sun/nio/fs/WindowsException'{0x00000000eab3a308}> (0x00000000eab3a308) 
thrown [s\src\hotspot\share\prims\jni.cpp, line 520]
Event: 13.994 Thread 0x0000020eff40ec90 Exception <a 'java/lang/NoSuchMethodError'{0x00000000eab78d40}: 'void java.lang.invoke.DirectMethodHandle$Holder.invokeVirtual(java.lang.Object, java.lang.Object, java.lang.Object, java.lang.Object)'> (0x00000000eab78d40) 
thrown [s\src\hotspot\share\interpreter\linkResolver.cpp, line 773]
Event: 14.130 Thread 0x0000020eff40ec90 Exception <a 'java/io/FileNotFoundException'{0x00000000eb291210}> (0x00000000eb291210) 
thrown [s\src\hotspot\share\prims\jni.cpp, line 520]
Event: 14.131 Thread 0x0000020eff40ec90 Exception <a 'java/io/FileNotFoundException'{0x00000000eb2bd120}> (0x00000000eb2bd120) 
thrown [s\src\hotspot\share\prims\jni.cpp, line 520]
Event: 14.133 Thread 0x0000020eff40ec90 Exception <a 'java/lang/NoSuchMethodError'{0x00000000eb2e03d8}: 'java.lang.Object java.lang.invoke.DirectMethodHandle$Holder.newInvokeSpecial(java.lang.Object, java.lang.Object, java.lang.Object, int)'> (0x00000000eb2e03d8) 
thrown [s\src\hotspot\share\interpreter\linkResolver.cpp, line 773]
Event: 14.133 Thread 0x0000020eff40ec90 Exception <a 'java/lang/NoSuchMethodError'{0x00000000eb2e4090}: 'java.lang.Object java.lang.invoke.DirectMethodHandle$Holder.invokeSpecial(java.lang.Object, java.lang.Object, java.lang.Object, java.lang.Object, int)'> (0x00000000eb2e4090) 
thrown [s\src\hotspot\share\interpreter\linkResolver.cpp, line 773]
Event: 14.133 Thread 0x0000020eff40ec90 Exception <a 'java/lang/NoSuchMethodError'{0x00000000eb2e7538}: 'java.lang.Object java.lang.invoke.Invokers$Holder.linkToTargetMethod(java.lang.Object, java.lang.Object, int, java.lang.Object)'> (0x00000000eb2e7538) 
thrown [s\src\hotspot\share\interpreter\linkResolver.cpp, line 773]
Event: 14.136 Thread 0x0000020eff40ec90 Exception <a 'java/lang/NoSuchMethodError'{0x00000000eb2f2b80}: 'void java.lang.invoke.DirectMethodHandle$Holder.invokeStaticInit(java.lang.Object, java.lang.Object, java.lang.Object)'> (0x00000000eb2f2b80) 
thrown [s\src\hotspot\share\interpreter\linkResolver.cpp, line 773]
Event: 14.216 Thread 0x0000020ef2930190 Exception <a 'java/lang/NoSuchMethodError'{0x00000000eb611930}: 'void java.lang.invoke.DirectMethodHandle$Holder.invokeSpecial(java.lang.Object, java.lang.Object, java.lang.Object, java.lang.Object, java.lang.Object, java.lang.Object)'> (0x00000000eb611930) 
thrown [s\src\hotspot\share\interpreter\linkResolver.cpp, line 773]
Event: 14.219 Thread 0x0000020ef2930190 Exception <a 'java/lang/IncompatibleClassChangeError'{0x00000000eb619ab0}: Found class java.lang.Object, but interface was expected> (0x00000000eb619ab0) 
thrown [s\src\hotspot\share\interpreter\linkResolver.cpp, line 840]
Event: 14.219 Thread 0x0000020ef2930190 Exception <a 'java/lang/IncompatibleClassChangeError'{0x00000000eb61b778}: Found class java.lang.Object, but interface was expected> (0x00000000eb61b778) 
thrown [s\src\hotspot\share\interpreter\linkResolver.cpp, line 840]
Event: 14.344 Thread 0x0000020ed15e7580 Exception <a 'java/lang/NoSuchMethodError'{0x00000000ebbb2d38}: 'java.lang.Object java.lang.invoke.DirectMethodHandle$Holder.invokeInterface(java.lang.Object, java.lang.Object, java.lang.Object)'> (0x00000000ebbb2d38) 
thrown [s\src\hotspot\share\interpreter\linkResolver.cpp, line 773]
Event: 14.361 Thread 0x0000020ed15e7580 Exception <a 'java/io/FileNotFoundException'{0x00000000ebc39820}> (0x00000000ebc39820) 
thrown [s\src\hotspot\share\prims\jni.cpp, line 520]
Event: 14.400 Thread 0x0000020ed15e7580 Exception <a 'sun/nio/fs/WindowsException'{0x00000000ec20cfe8}> (0x00000000ec20cfe8) 
thrown [s\src\hotspot\share\prims\jni.cpp, line 520]
Event: 14.489 Thread 0x0000020ed15e7580 Exception <a 'java/lang/IncompatibleClassChangeError'{0x00000000eae043b8}: Found class java.lang.Object, but interface was expected> (0x00000000eae043b8) 
thrown [s\src\hotspot\share\interpreter\linkResolver.cpp, line 840]
Event: 14.514 Thread 0x0000020ed15e7580 Exception <a 'java/lang/IncompatibleClassChangeError'{0x00000000eae9fea0}: Found class java.lang.Object, but interface was expected> (0x00000000eae9fea0) 
thrown [s\src\hotspot\share\interpreter\linkResolver.cpp, line 840]
Event: 14.678 Thread 0x0000020ed15e8fc0 Implicit null exception at 0x0000020e87c62e77 to 0x0000020e87c630e8
Event: 14.679 Thread 0x0000020ed15e8fc0 Exception <a 'java/lang/NoSuchMethodError'{0x00000000eb3d2af0}: 'java.lang.Object java.lang.invoke.DelegatingMethodHandle$Holder.reinvoke_L(java.lang.Object, int, long, java.lang.Object, java.lang.Object, int, java.lang.Object)'> (0x00000000eb3d2af0) 
thrown [s\src\hotspot\share\interpreter\linkResolver.cpp, line 773]

ZGC Phase Switch (0 events):
No events

VM Operations (20 events):
Event: 13.399 Executing VM operation: ParallelGCFailedAllocation (Allocation Failure)
Event: 13.403 Executing VM operation: ParallelGCFailedAllocation (Allocation Failure) done
Event: 13.454 Executing VM operation: HandshakeAllThreads (Deoptimize)
Event: 13.454 Executing VM operation: HandshakeAllThreads (Deoptimize) done
Event: 13.533 Executing VM operation: HandshakeAllThreads (Deoptimize)
Event: 13.533 Executing VM operation: HandshakeAllThreads (Deoptimize) done
Event: 13.534 Executing VM operation: HandshakeAllThreads (Deoptimize)
Event: 13.534 Executing VM operation: HandshakeAllThreads (Deoptimize) done
Event: 13.670 Executing VM operation: HandshakeAllThreads (Deoptimize)
Event: 13.670 Executing VM operation: HandshakeAllThreads (Deoptimize) done
Event: 13.976 Executing VM operation: ParallelGCFailedAllocation (Allocation Failure)
Event: 13.981 Executing VM operation: ParallelGCFailedAllocation (Allocation Failure) done
Event: 14.352 Executing VM operation: HandshakeAllThreads (Deoptimize)
Event: 14.352 Executing VM operation: HandshakeAllThreads (Deoptimize) done
Event: 14.417 Executing VM operation: ParallelGCFailedAllocation (Allocation Failure)
Event: 14.420 Executing VM operation: ParallelGCFailedAllocation (Allocation Failure) done
Event: 14.619 Executing VM operation: HandshakeAllThreads (Deoptimize)
Event: 14.619 Executing VM operation: HandshakeAllThreads (Deoptimize) done
Event: 14.642 Executing VM operation: HandshakeAllThreads (Deoptimize)
Event: 14.642 Executing VM operation: HandshakeAllThreads (Deoptimize) done

Memory protections (0 events):
No events

Nmethod flushes (0 events):
No events

Events (20 events):
Event: 13.861 Thread 0x0000020ef2930190 Thread added: 0x0000020eff40f9b0
Event: 13.861 Thread 0x0000020ef2930190 Thread added: 0x0000020eff40c530
Event: 13.861 Thread 0x0000020ef2930190 Thread added: 0x0000020eff410040
Event: 13.862 Thread 0x0000020ef2930190 Thread added: 0x0000020eff40cbc0
Event: 13.862 Thread 0x0000020ef2930190 Thread added: 0x0000020eff4106d0
Event: 13.862 Thread 0x0000020ef2930190 Thread added: 0x0000020eff40d250
Event: 13.862 Thread 0x0000020ef2930190 Thread added: 0x0000020eff410d60
Event: 13.862 Thread 0x0000020ef2930190 Thread added: 0x0000020eff40df70
Event: 13.862 Thread 0x0000020ef2930190 Thread added: 0x0000020eff40e600
Event: 13.863 Thread 0x0000020ef2930190 Thread added: 0x0000020eff412e30
Event: 13.863 Thread 0x0000020ef2930190 Thread added: 0x0000020eff411a80
Event: 13.863 Thread 0x0000020ef2930190 Thread added: 0x0000020eff412110
Event: 13.911 Thread 0x0000020ef2930190 Thread added: 0x0000020eff4113f0
Event: 14.141 Thread 0x0000020eff40f320 Thread added: 0x0000020eff4127a0
Event: 14.144 Thread 0x0000020eff40f320 Thread added: 0x0000020eff4134c0
Event: 14.242 Thread 0x0000020ef2930190 Thread added: 0x0000020eff413b50
Event: 14.242 Thread 0x0000020ef2930190 Thread added: 0x0000020ed15e7580
Event: 14.519 Thread 0x0000020ed15e7580 Thread added: 0x0000020ed15e8fc0
Event: 14.521 Thread 0x0000020ed15e7580 Thread added: 0x0000020ed15e9650
Event: 14.523 Thread 0x0000020ed15e7580 Thread added: 0x0000020ed15e9ce0


Dynamic libraries:
0x00007ff767d90000 - 0x00007ff767d9e000 	c:\Users\kbre1\.vscode\extensions\redhat.java-1.42.0-win32-x64\jre\21.0.7-win32-x86_64\bin\java.exe
0x00007ffa54d80000 - 0x00007ffa54fe6000 	C:\WINDOWS\SYSTEM32\ntdll.dll
0x00007ffa53e30000 - 0x00007ffa53ef9000 	C:\WINDOWS\System32\KERNEL32.DLL
0x00007ffa52330000 - 0x00007ffa526fc000 	C:\WINDOWS\System32\KERNELBASE.dll
0x00007ffa4ba80000 - 0x00007ffa4bb1e000 	C:\WINDOWS\SYSTEM32\apphelp.dll
0x00007ffa529f0000 - 0x00007ffa52b3b000 	C:\WINDOWS\System32\ucrtbase.dll
0x00007ffa39ae0000 - 0x00007ffa39afe000 	c:\Users\kbre1\.vscode\extensions\redhat.java-1.42.0-win32-x64\jre\21.0.7-win32-x86_64\bin\VCRUNTIME140.dll
0x00007ffa398a0000 - 0x00007ffa398b8000 	c:\Users\kbre1\.vscode\extensions\redhat.java-1.42.0-win32-x64\jre\21.0.7-win32-x86_64\bin\jli.dll
0x00007ffa54970000 - 0x00007ffa54b3a000 	C:\WINDOWS\System32\USER32.dll
0x00007ffa52260000 - 0x00007ffa52287000 	C:\WINDOWS\System32\win32u.dll
0x00007ffa2dda0000 - 0x00007ffa2e03a000 	C:\WINDOWS\WinSxS\amd64_microsoft.windows.common-controls_6595b64144ccf1df_6.0.26100.3912_none_3e07963ce335137e\COMCTL32.dll
0x00007ffa540f0000 - 0x00007ffa5411b000 	C:\WINDOWS\System32\GDI32.dll
0x00007ffa53280000 - 0x00007ffa53329000 	C:\WINDOWS\System32\msvcrt.dll
0x00007ffa51f10000 - 0x00007ffa52042000 	C:\WINDOWS\System32\gdi32full.dll
0x00007ffa52940000 - 0x00007ffa529e3000 	C:\WINDOWS\System32\msvcp_win.dll
0x00007ffa53df0000 - 0x00007ffa53e20000 	C:\WINDOWS\System32\IMM32.DLL
0x00007ffa3d890000 - 0x00007ffa3d89c000 	c:\Users\kbre1\.vscode\extensions\redhat.java-1.42.0-win32-x64\jre\21.0.7-win32-x86_64\bin\vcruntime140_1.dll
0x00007ff9f3bc0000 - 0x00007ff9f3c4d000 	c:\Users\kbre1\.vscode\extensions\redhat.java-1.42.0-win32-x64\jre\21.0.7-win32-x86_64\bin\msvcp140.dll
0x00007ff993830000 - 0x00007ff9945c0000 	c:\Users\kbre1\.vscode\extensions\redhat.java-1.42.0-win32-x64\jre\21.0.7-win32-x86_64\bin\server\jvm.dll
0x00007ffa53560000 - 0x00007ffa53612000 	C:\WINDOWS\System32\ADVAPI32.dll
0x00007ffa54c90000 - 0x00007ffa54d36000 	C:\WINDOWS\System32\sechost.dll
0x00007ffa54850000 - 0x00007ffa54966000 	C:\WINDOWS\System32\RPCRT4.dll
0x00007ffa534e0000 - 0x00007ffa53554000 	C:\WINDOWS\System32\WS2_32.dll
0x00007ffa45f30000 - 0x00007ffa45f3b000 	C:\WINDOWS\SYSTEM32\VERSION.dll
0x00007ffa50b10000 - 0x00007ffa50b6e000 	C:\WINDOWS\SYSTEM32\POWRPROF.dll
0x00007ffa4bc90000 - 0x00007ffa4bcc6000 	C:\WINDOWS\SYSTEM32\WINMM.dll
0x00007ffa50af0000 - 0x00007ffa50b04000 	C:\WINDOWS\SYSTEM32\UMPDC.dll
0x00007ffa50dc0000 - 0x00007ffa50dda000 	C:\WINDOWS\SYSTEM32\kernel.appcore.dll
0x00007ffa39890000 - 0x00007ffa3989a000 	c:\Users\kbre1\.vscode\extensions\redhat.java-1.42.0-win32-x64\jre\21.0.7-win32-x86_64\bin\jimage.dll
0x00007ffa4f600000 - 0x00007ffa4f841000 	C:\WINDOWS\SYSTEM32\DBGHELP.DLL
0x00007ffa53a60000 - 0x00007ffa53de4000 	C:\WINDOWS\System32\combase.dll
0x00007ffa530c0000 - 0x00007ffa531a0000 	C:\WINDOWS\System32\OLEAUT32.dll
0x00007ffa31ab0000 - 0x00007ffa31ae9000 	C:\WINDOWS\SYSTEM32\dbgcore.DLL
0x00007ffa52290000 - 0x00007ffa52329000 	C:\WINDOWS\System32\bcryptPrimitives.dll
0x00007ffa39670000 - 0x00007ffa3967f000 	c:\Users\kbre1\.vscode\extensions\redhat.java-1.42.0-win32-x64\jre\21.0.7-win32-x86_64\bin\instrument.dll
0x00007ffa34830000 - 0x00007ffa3484f000 	c:\Users\kbre1\.vscode\extensions\redhat.java-1.42.0-win32-x64\jre\21.0.7-win32-x86_64\bin\java.dll
0x00007ffa54120000 - 0x00007ffa5484d000 	C:\WINDOWS\System32\SHELL32.dll
0x00007ffa527c0000 - 0x00007ffa52934000 	C:\WINDOWS\System32\wintypes.dll
0x00007ffa4fb60000 - 0x00007ffa503b6000 	C:\WINDOWS\SYSTEM32\windows.storage.dll
0x00007ffa54b90000 - 0x00007ffa54c7f000 	C:\WINDOWS\System32\SHCORE.dll
0x00007ffa53620000 - 0x00007ffa53689000 	C:\WINDOWS\System32\shlwapi.dll
0x00007ffa51e20000 - 0x00007ffa51e4f000 	C:\WINDOWS\SYSTEM32\profapi.dll
0x00007ffa30b60000 - 0x00007ffa30b78000 	c:\Users\kbre1\.vscode\extensions\redhat.java-1.42.0-win32-x64\jre\21.0.7-win32-x86_64\bin\zip.dll
0x00007ffa39660000 - 0x00007ffa39670000 	C:\Users\kbre1\.vscode\extensions\redhat.java-1.42.0-win32-x64\jre\21.0.7-win32-x86_64\bin\net.dll
0x00007ffa472e0000 - 0x00007ffa473fe000 	C:\WINDOWS\SYSTEM32\WINHTTP.dll
0x00007ffa51340000 - 0x00007ffa513aa000 	C:\WINDOWS\system32\mswsock.dll
0x00007ffa1c4c0000 - 0x00007ffa1c4d6000 	C:\Users\kbre1\.vscode\extensions\redhat.java-1.42.0-win32-x64\jre\21.0.7-win32-x86_64\bin\nio.dll
0x00007ffa330a0000 - 0x00007ffa330b0000 	c:\Users\kbre1\.vscode\extensions\redhat.java-1.42.0-win32-x64\jre\21.0.7-win32-x86_64\bin\verify.dll
0x00007ffa00930000 - 0x00007ffa00975000 	C:\Users\kbre1\AppData\Roaming\Code\User\globalStorage\redhat.java\1.42.0\config_ss_win\org.eclipse.equinox.launcher\org.eclipse.equinox.launcher.win32.win32.x86_64_1.2.1300.v20250331-1702\eclipse_11911.dll
0x00007ffa538b0000 - 0x00007ffa53a4f000 	C:\WINDOWS\System32\ole32.dll
0x00007ffa51600000 - 0x00007ffa5161c000 	C:\WINDOWS\SYSTEM32\CRYPTSP.dll
0x00007ffa50d20000 - 0x00007ffa50d5a000 	C:\WINDOWS\system32\rsaenh.dll
0x00007ffa51400000 - 0x00007ffa5142b000 	C:\WINDOWS\SYSTEM32\USERENV.dll
0x00007ffa51df0000 - 0x00007ffa51e16000 	C:\WINDOWS\SYSTEM32\bcrypt.dll
0x00007ffa51620000 - 0x00007ffa5162c000 	C:\WINDOWS\SYSTEM32\CRYPTBASE.dll
0x00007ffa50790000 - 0x00007ffa507c3000 	C:\WINDOWS\SYSTEM32\IPHLPAPI.DLL
0x00007ffa531c0000 - 0x00007ffa531ca000 	C:\WINDOWS\System32\NSI.dll
0x00007ff9f9d70000 - 0x00007ff9f9db9000 	C:\Users\kbre1\AppData\Local\Temp\jna-101848999\jna6273937893085247742.dll
0x00007ffa531b0000 - 0x00007ffa531b8000 	C:\WINDOWS\System32\PSAPI.DLL
0x00007ffa48220000 - 0x00007ffa4823f000 	C:\WINDOWS\SYSTEM32\dhcpcsvc6.DLL
0x00007ffa47d40000 - 0x00007ffa47d65000 	C:\WINDOWS\SYSTEM32\dhcpcsvc.DLL

dbghelp: loaded successfully - version: 4.0.5 - missing functions: none
symbol engine: initialized successfully - sym options: 0x614 - pdb path: .;c:\Users\kbre1\.vscode\extensions\redhat.java-1.42.0-win32-x64\jre\21.0.7-win32-x86_64\bin;C:\WINDOWS\SYSTEM32;C:\WINDOWS\WinSxS\amd64_microsoft.windows.common-controls_6595b64144ccf1df_6.0.26100.3912_none_3e07963ce335137e;c:\Users\kbre1\.vscode\extensions\redhat.java-1.42.0-win32-x64\jre\21.0.7-win32-x86_64\bin\server;C:\Users\kbre1\AppData\Roaming\Code\User\globalStorage\redhat.java\1.42.0\config_ss_win\org.eclipse.equinox.launcher\org.eclipse.equinox.launcher.win32.win32.x86_64_1.2.1300.v20250331-1702;C:\Users\kbre1\AppData\Local\Temp\jna-101848999

VM Arguments:
jvm_args: --add-modules=ALL-SYSTEM --add-opens=java.base/java.util=ALL-UNNAMED --add-opens=java.base/java.lang=ALL-UNNAMED --add-opens=java.base/sun.nio.fs=ALL-UNNAMED -Declipse.application=org.eclipse.jdt.ls.core.id1 -Dosgi.bundles.defaultStartLevel=4 -Declipse.product=org.eclipse.jdt.ls.core.product -Djava.import.generatesMetadataFilesAtProjectRoot=false -DDetectVMInstallationsJob.disabled=true -Dfile.encoding=utf8 -XX:+UseParallelGC -XX:GCTimeRatio=4 -XX:AdaptiveSizePolicyWeight=90 -Dsun.zip.disableMemoryMapping=true -Xmx1G -Xms100m -Xlog:disable -javaagent:c:\Users\kbre1\.vscode\extensions\redhat.java-1.42.0-win32-x64\lombok\lombok-1.18.36.jar 
java_command: c:\Users\kbre1\.vscode\extensions\redhat.java-1.42.0-win32-x64\server\plugins\org.eclipse.equinox.launcher_1.7.0.v20250424-1814.jar -configuration c:\Users\kbre1\AppData\Roaming\Code\User\globalStorage\redhat.java\1.42.0\config_ss_win -data c:\Users\kbre1\AppData\Roaming\Code\User\workspaceStorage\f7f399a47ae4d583e0a076f1800b6556\redhat.java\ss_ws --pipe=\\.\pipe\lsp-bd339de78470526a5e1de04369d53def-sock
java_class_path (initial): c:\Users\kbre1\.vscode\extensions\redhat.java-1.42.0-win32-x64\server\plugins\org.eclipse.equinox.launcher_1.7.0.v20250424-1814.jar
Launcher Type: SUN_STANDARD

[Global flags]
    uintx AdaptiveSizePolicyWeight                 = 90                                        {product} {command line}
     intx CICompilerCount                          = 4                                         {product} {ergonomic}
    uintx GCTimeRatio                              = 4                                         {product} {command line}
   size_t InitialHeapSize                          = 104857600                                 {product} {command line}
   size_t MaxHeapSize                              = 1073741824                                {product} {command line}
   size_t MaxNewSize                               = 357564416                                 {product} {ergonomic}
   size_t MinHeapDeltaBytes                        = 524288                                    {product} {ergonomic}
   size_t MinHeapSize                              = 104857600                                 {product} {command line}
   size_t NewSize                                  = 34603008                                  {product} {ergonomic}
    uintx NonNMethodCodeHeapSize                   = 5839372                                {pd product} {ergonomic}
    uintx NonProfiledCodeHeapSize                  = 122909434                              {pd product} {ergonomic}
   size_t OldSize                                  = 70254592                                  {product} {ergonomic}
    uintx ProfiledCodeHeapSize                     = 122909434                              {pd product} {ergonomic}
    uintx ReservedCodeCacheSize                    = 251658240                              {pd product} {ergonomic}
     bool SegmentedCodeCache                       = true                                      {product} {ergonomic}
   size_t SoftMaxHeapSize                          = 1073741824                             {manageable} {ergonomic}
     bool UseCompressedOops                        = true                           {product lp64_product} {ergonomic}
     bool UseLargePagesIndividualAllocation        = false                                  {pd product} {ergonomic}
     bool UseParallelGC                            = true                                      {product} {command line}

Logging:
Log output configuration:
 #0: stdout all=off uptime,level,tags foldmultilines=false
 #1: stderr all=off uptime,level,tags foldmultilines=false

Environment Variables:
PATH=C:\Program Files\Common Files\Oracle\Java\javapath;C:\Program Files (x86)\Common Files\Oracle\Java\java8path;C:\Program Files (x86)\Common Files\Oracle\Java\javapath;C:\Program Files\Python312\Scripts\;C:\Program Files\Python312\;C:\oraclexe\app\oracle\product\10.2.0\server\bin;C:\windows\system32;C:\windows;C:\windows\System32\Wbem;C:\windows\System32\WindowsPowerShell\v1.0\;C:\windows\System32\OpenSSH\;C:\Program Files\dotnet\;C:\Program Files\nodejs\;C:\Program Files\HP\HP One Agent;C:\xampp\php;C:\ProgramData\ComposerSetup\bin;C:\Program Files\Microsoft\Web Platform Installer\;C:\Program Files (x86)\Microsoft ASP.NET\ASP.NET Web Pages\v1.0\;C:\Program Files (x86)\Windows Kits\8.0\Windows Performance Toolkit\;C:\Program Files\Microsoft SQL Server\110\Tools\Binn\;C:\Program Files (x86)\Microsoft SQL Server\110\Tools\Binn\;C:\Program Files\Microsoft SQL Server\110\DTS\Binn\;C:\Program Files (x86)\Microsoft SQL Server\110\Tools\Binn\ManagementStudio\;C:\Program Files (x86)\Microsoft Visual Studio 10.0\Common7\IDE\PrivateAssemblies\;C:\Program Files (x86)\Microsoft SQL Server\110\DTS\Binn\;C:\Program Files\Git\cmd;C:\Program Files\Git\bin\;C:\Program Files\PuTTY\;D:\crucial\Control\Crucial Storage Executive;C:\apache-maven-3.9.9\bin;;C:\WINDOWS\system32;C:\WINDOWS;C:\WINDOWS\System32\Wbem;C:\WINDOWS\System32\WindowsPowerShell\v1.0\;C:\WINDOWS\System32\OpenSSH\;C:\Program Files\Docker\Docker\resources\bin;C:\Program Files\MySQL\MySQL Shell 8.0\bin\;C:\Users\kbre1\AppData\Local\Programs\Python\Launcher\;C:\Users\kbre1\AppData\Local\Microsoft\WindowsApps;C:\Users\kbre1\AppData\Local\Programs\Microsoft VS Code\bin;C:\Users\kbre1\AppData\Roaming\npm;C:\ghcup\bin;C:\Users\kbre1\AppData\Roaming\Composer\vendor\bin
USERNAME=kbre1
OS=Windows_NT
PROCESSOR_IDENTIFIER=Intel64 Family 6 Model 186 Stepping 3, GenuineIntel
TMP=C:\Users\kbre1\AppData\Local\Temp
TEMP=C:\Users\kbre1\AppData\Local\Temp




Periodic native trim disabled

---------------  S Y S T E M  ---------------

OS:
 Windows 11 , 64 bit Build 26100 (10.0.26100.3912)
OS uptime: 23 days 21:13 hours
Hyper-V role detected

CPU: total 12 (initial active 12) (6 cores per cpu, 2 threads per core) family 6 model 186 stepping 3 microcode 0x4123, cx8, cmov, fxsr, ht, mmx, 3dnowpref, sse, sse2, sse3, ssse3, sse4.1, sse4.2, popcnt, lzcnt, tsc, tscinvbit, avx, avx2, aes, erms, clmul, bmi1, bmi2, adx, sha, fma, vzeroupper, clflush, clflushopt, clwb, hv, serialize, rdtscp, rdpid, fsrm, f16c, cet_ibt, cet_ss
Processor Information for processor 0
  Max Mhz: 1700, Current Mhz: 1700, Mhz Limit: 1700
Processor Information for processor 1
  Max Mhz: 1700, Current Mhz: 1700, Mhz Limit: 1700
Processor Information for processor 2
  Max Mhz: 1700, Current Mhz: 1700, Mhz Limit: 1700
Processor Information for processor 3
  Max Mhz: 1700, Current Mhz: 1700, Mhz Limit: 1700
Processor Information for processor 4
  Max Mhz: 1700, Current Mhz: 1200, Mhz Limit: 1190
Processor Information for processor 5
  Max Mhz: 1700, Current Mhz: 1200, Mhz Limit: 1190
Processor Information for processor 6
  Max Mhz: 1700, Current Mhz: 1200, Mhz Limit: 1190
Processor Information for processor 7
  Max Mhz: 1700, Current Mhz: 1200, Mhz Limit: 1190
Processor Information for processor 8
  Max Mhz: 1700, Current Mhz: 1200, Mhz Limit: 1190
Processor Information for processor 9
  Max Mhz: 1700, Current Mhz: 1200, Mhz Limit: 1190
Processor Information for processor 10
  Max Mhz: 1700, Current Mhz: 1200, Mhz Limit: 1190
Processor Information for processor 11
  Max Mhz: 1700, Current Mhz: 1200, Mhz Limit: 1190

Memory: 4k page, system-wide physical 16095M (1009M free)
TotalPageFile size 28298M (AvailPageFile size 43M)
current process WorkingSet (physical memory assigned to process): 183M, peak: 183M
current process commit charge ("private bytes"): 283M, peak: 284M

vm_info: OpenJDK 64-Bit Server VM (21.0.7+6-LTS) for windows-amd64 JRE (21.0.7+6-LTS), built on 2025-04-15T00:00:00Z by "admin" with MS VC++ 17.7 (VS2022)

END.
