#
# There is insufficient memory for the Java Runtime Environment to continue.
# Native memory allocation (malloc) failed to allocate 168896 bytes. Error detail: Chunk::new
# Possible reasons:
#   The system is out of physical RAM or swap space
#   This process is running with CompressedOops enabled, and the Java Heap may be blocking the growth of the native heap
# Possible solutions:
#   Reduce memory load on the system
#   Increase physical memory or swap space
#   Check if swap backing store is full
#   Decrease Java heap size (-Xmx/-Xms)
#   Decrease number of Java threads
#   Decrease Java thread stack sizes (-Xss)
#   Set larger code cache with -XX:ReservedCodeCacheSize=
#   JVM is running with Unscaled Compressed Oops mode in which the Java heap is
#     placed in the first 4GB address space. The Java Heap base address is the
#     maximum limit for the native heap growth. Please use -XX:HeapBaseMinAddress
#     to set the Java Heap base and to place the Java Heap above 4GB virtual address.
# This output file may be truncated or incomplete.
#
#  Out of Memory Error (arena.cpp:168), pid=42000, tid=21596
#
# JRE version: OpenJDK Runtime Environment Temurin-21.0.7+6 (21.0.7+6) (build 21.0.7+6-LTS)
# Java VM: OpenJDK 64-Bit Server VM Temurin-21.0.7+6 (21.0.7+6-LTS, mixed mode, sharing, tiered, compressed oops, compressed class ptrs, parallel gc, windows-amd64)
# No core dump will be written. Minidumps are not enabled by default on client versions of Windows
#

---------------  S U M M A R Y ------------

Command Line: --add-modules=ALL-SYSTEM --add-opens=java.base/java.util=ALL-UNNAMED --add-opens=java.base/java.lang=ALL-UNNAMED --add-opens=java.base/sun.nio.fs=ALL-UNNAMED -Declipse.application=org.eclipse.jdt.ls.core.id1 -Dosgi.bundles.defaultStartLevel=4 -Declipse.product=org.eclipse.jdt.ls.core.product -Djava.import.generatesMetadataFilesAtProjectRoot=false -DDetectVMInstallationsJob.disabled=true -Dfile.encoding=utf8 -XX:+UseParallelGC -XX:GCTimeRatio=4 -XX:AdaptiveSizePolicyWeight=90 -Dsun.zip.disableMemoryMapping=true -Xmx1G -Xms100m -Xlog:disable -javaagent:c:\Users\kbre1\.vscode\extensions\redhat.java-1.42.0-win32-x64\lombok\lombok-1.18.36.jar -XX:+HeapDumpOnOutOfMemoryError -XX:HeapDumpPath=c:\Users\kbre1\AppData\Roaming\Code\User\workspaceStorage\f7f399a47ae4d583e0a076f1800b6556\redhat.java -Daether.dependencyCollector.impl=bf c:\Users\kbre1\.vscode\extensions\redhat.java-1.42.0-win32-x64\server\plugins\org.eclipse.equinox.launcher_1.7.0.v20250424-1814.jar -configuration c:\Users\kbre1\AppData\Roaming\Code\User\globalStorage\redhat.java\1.42.0\config_win -data c:\Users\kbre1\AppData\Roaming\Code\User\workspaceStorage\f7f399a47ae4d583e0a076f1800b6556\redhat.java\jdt_ws --pipe=\\.\pipe\lsp-9b70fe3f37eb5c74892495296aa152f8-sock

Host: 13th Gen Intel(R) Core(TM) i7-1355U, 12 cores, 15G,  Windows 11 , 64 bit Build 26100 (10.0.26100.3912)
Time: Thu Jun 12 09:59:10 2025 SA Western Standard Time elapsed time: 14.602711 seconds (0d 0h 0m 14s)

---------------  T H R E A D  ---------------

Current thread (0x000001eedf5628e0):  JavaThread "C2 CompilerThread0" daemon [_thread_in_native, id=21596, stack(0x0000006336b00000,0x0000006336c00000) (1024K)]


Current CompileTask:
C2:14603 2037   !   4       java.lang.String::<init> (890 bytes)

Stack: [0x0000006336b00000,0x0000006336c00000]
Native frames: (J=compiled Java code, j=interpreted, Vv=VM code, C=native code)
V  [jvm.dll+0x6ce119]
V  [jvm.dll+0x8a84a1]
V  [jvm.dll+0x8aa9ce]
V  [jvm.dll+0x8ab0b3]
V  [jvm.dll+0x27f8a6]
V  [jvm.dll+0xc507d]
V  [jvm.dll+0xc55b3]
V  [jvm.dll+0x2f2c6d]
V  [jvm.dll+0x5f6bca]
V  [jvm.dll+0x250cb2]
V  [jvm.dll+0x25106f]
V  [jvm.dll+0x249934]
V  [jvm.dll+0x246fc4]
V  [jvm.dll+0x1c760e]
V  [jvm.dll+0x25695a]
V  [jvm.dll+0x254efa]
V  [jvm.dll+0x3f03f6]
V  [jvm.dll+0x851f6b]
V  [jvm.dll+0x6cc7dd]
C  [ucrtbase.dll+0x37b0]
C  [KERNEL32.DLL+0x2e8d7]
C  [ntdll.dll+0x9c5dc]


---------------  P R O C E S S  ---------------

Threads class SMR info:
_java_thread_list=0x000001eee09d48e0, length=15, elements={
0x000001eec9d007e0, 0x000001eede0c8f90, 0x000001eede0cad20, 0x000001eede0d3910,
0x000001eede0d8490, 0x000001eede0da460, 0x000001eedf5520c0, 0x000001eedf5628e0,
0x000001eedf563030, 0x000001eedf65cfe0, 0x000001eedf8b8080, 0x000001eee0944780,
0x000001eee080d990, 0x000001eee0ba50d0, 0x000001eee0ba5730
}

Java Threads: ( => current thread )
  0x000001eec9d007e0 JavaThread "main"                              [_thread_blocked, id=888, stack(0x0000006336100000,0x0000006336200000) (1024K)]
  0x000001eede0c8f90 JavaThread "Reference Handler"          daemon [_thread_blocked, id=30120, stack(0x0000006336500000,0x0000006336600000) (1024K)]
  0x000001eede0cad20 JavaThread "Finalizer"                  daemon [_thread_blocked, id=20624, stack(0x0000006336600000,0x0000006336700000) (1024K)]
  0x000001eede0d3910 JavaThread "Signal Dispatcher"          daemon [_thread_blocked, id=26180, stack(0x0000006336700000,0x0000006336800000) (1024K)]
  0x000001eede0d8490 JavaThread "Attach Listener"            daemon [_thread_blocked, id=28000, stack(0x0000006336800000,0x0000006336900000) (1024K)]
  0x000001eede0da460 JavaThread "Service Thread"             daemon [_thread_blocked, id=36308, stack(0x0000006336900000,0x0000006336a00000) (1024K)]
  0x000001eedf5520c0 JavaThread "Monitor Deflation Thread"   daemon [_thread_blocked, id=22580, stack(0x0000006336a00000,0x0000006336b00000) (1024K)]
=>0x000001eedf5628e0 JavaThread "C2 CompilerThread0"         daemon [_thread_in_native, id=21596, stack(0x0000006336b00000,0x0000006336c00000) (1024K)]
  0x000001eedf563030 JavaThread "C1 CompilerThread0"         daemon [_thread_blocked, id=32168, stack(0x0000006336c00000,0x0000006336d00000) (1024K)]
  0x000001eedf65cfe0 JavaThread "Common-Cleaner"             daemon [_thread_blocked, id=11956, stack(0x0000006336d00000,0x0000006336e00000) (1024K)]
  0x000001eedf8b8080 JavaThread "Notification Thread"        daemon [_thread_blocked, id=16240, stack(0x0000006336f00000,0x0000006337000000) (1024K)]
  0x000001eee0944780 JavaThread "Active Thread: Equinox Container: 3684b7aa-6423-4160-9911-70712d30ac89"        [_thread_blocked, id=30844, stack(0x0000006337700000,0x0000006337800000) (1024K)]
  0x000001eee080d990 JavaThread "Refresh Thread: Equinox Container: 3684b7aa-6423-4160-9911-70712d30ac89" daemon [_thread_blocked, id=27348, stack(0x0000006336e00000,0x0000006336f00000) (1024K)]
  0x000001eee0ba50d0 JavaThread "Framework Event Dispatcher: Equinox Container: 3684b7aa-6423-4160-9911-70712d30ac89" daemon [_thread_blocked, id=28164, stack(0x0000006337800000,0x0000006337900000) (1024K)]
  0x000001eee0ba5730 JavaThread "Start Level: Equinox Container: 3684b7aa-6423-4160-9911-70712d30ac89" daemon [_thread_in_Java, id=38612, stack(0x0000006337900000,0x0000006337a00000) (1024K)]
Total: 15

Other Threads:
  0x000001eec9d94840 VMThread "VM Thread"                           [id=3112, stack(0x0000006336400000,0x0000006336500000) (1024K)]
  0x000001eeddfbca00 WatcherThread "VM Periodic Task Thread"        [id=20916, stack(0x0000006336300000,0x0000006336400000) (1024K)]
  0x000001eec9d18cd0 WorkerThread "GC Thread#0"                     [id=4412, stack(0x0000006336200000,0x0000006336300000) (1024K)]
  0x000001eee51b6700 WorkerThread "GC Thread#1"                     [id=27172, stack(0x0000006337100000,0x0000006337200000) (1024K)]
  0x000001eee0bd4b00 WorkerThread "GC Thread#2"                     [id=31084, stack(0x0000006337200000,0x0000006337300000) (1024K)]
  0x000001eee0726a60 WorkerThread "GC Thread#3"                     [id=26312, stack(0x0000006337300000,0x0000006337400000) (1024K)]
  0x000001eee0726e00 WorkerThread "GC Thread#4"                     [id=35596, stack(0x0000006337400000,0x0000006337500000) (1024K)]
  0x000001eee07271a0 WorkerThread "GC Thread#5"                     [id=28948, stack(0x0000006337500000,0x0000006337600000) (1024K)]
  0x000001eee0727540 WorkerThread "GC Thread#6"                     [id=30404, stack(0x0000006337600000,0x0000006337700000) (1024K)]
  0x000001eedf75a3e0 WorkerThread "GC Thread#7"                     [id=41780, stack(0x0000006337000000,0x0000006337100000) (1024K)]
Total: 10

Threads with active compile tasks:
C2 CompilerThread0  14625 2037   !   4       java.lang.String::<init> (890 bytes)
Total: 1

VM state: not at safepoint (normal execution)

VM Mutex/Monitor currently owned by a thread: None

Heap address: 0x00000000c0000000, size: 1024 MB, Compressed Oops mode: 32-bit

CDS archive(s) mapped at: [0x000001ee80000000-0x000001ee80ba0000-0x000001ee80ba0000), size 12189696, SharedBaseAddress: 0x000001ee80000000, ArchiveRelocationMode: 1.
Compressed class space mapped at: 0x000001ee81000000-0x000001eec1000000, reserved size: 1073741824
Narrow klass base: 0x000001ee80000000, Narrow klass shift: 0, Narrow klass range: 0x100000000

GC Precious Log:
 CardTable entry size: 512
 CPUs: 12 total, 12 available
 Memory: 16095M
 Large Page Support: Disabled
 NUMA Support: Disabled
 Compressed Oops: Enabled (32-bit)
 Alignments: Space 512K, Generation 512K, Heap 2M
 Heap Min Capacity: 100M
 Heap Initial Capacity: 100M
 Heap Max Capacity: 1G
 Pre-touch: Disabled
 Parallel Workers: 10

Heap:
 PSYoungGen      total 29696K, used 25161K [0x00000000eab00000, 0x00000000ecc00000, 0x0000000100000000)
  eden space 25600K, 82% used [0x00000000eab00000,0x00000000ebf99590,0x00000000ec400000)
  from space 4096K, 99% used [0x00000000ec800000,0x00000000ecbf91d8,0x00000000ecc00000)
  to   space 4096K, 0% used [0x00000000ec400000,0x00000000ec400000,0x00000000ec800000)
 ParOldGen       total 68608K, used 1603K [0x00000000c0000000, 0x00000000c4300000, 0x00000000eab00000)
  object space 68608K, 2% used [0x00000000c0000000,0x00000000c0190f38,0x00000000c4300000)
 Metaspace       used 9257K, committed 9600K, reserved 1114112K
  class space    used 962K, committed 1152K, reserved 1048576K

Card table byte_map: [0x000001eec9690000,0x000001eec98a0000] _byte_map_base: 0x000001eec9090000

Marking Bits: (ParMarkBitMap*) 0x00007ff9944e31f0
 Begin Bits: [0x000001eedbee0000, 0x000001eedcee0000)
 End Bits:   [0x000001eedcee0000, 0x000001eeddee0000)

Polling page: 0x000001eec7b00000

Metaspace:

Usage:
  Non-class:      8.10 MB used.
      Class:    962.73 KB used.
       Both:      9.04 MB used.

Virtual space:
  Non-class space:       64.00 MB reserved,       8.25 MB ( 13%) committed,  1 nodes.
      Class space:        1.00 GB reserved,       1.12 MB ( <1%) committed,  1 nodes.
             Both:        1.06 GB reserved,       9.38 MB ( <1%) committed. 

Chunk freelists:
   Non-Class:  6.81 MB
       Class:  14.79 MB
        Both:  21.60 MB

MaxMetaspaceSize: unlimited
CompressedClassSpaceSize: 1.00 GB
Initial GC threshold: 21.00 MB
Current GC threshold: 21.00 MB
CDS: on
 - commit_granule_bytes: 65536.
 - commit_granule_words: 8192.
 - virtual_space_node_default_size: 8388608.
 - enlarge_chunks_in_place: 1.
 - use_allocation_guard: 0.


Internal statistics:

num_allocs_failed_limit: 0.
num_arena_births: 280.
num_arena_deaths: 0.
num_vsnodes_births: 2.
num_vsnodes_deaths: 0.
num_space_committed: 150.
num_space_uncommitted: 0.
num_chunks_returned_to_freelist: 0.
num_chunks_taken_from_freelist: 501.
num_chunk_merges: 0.
num_chunk_splits: 335.
num_chunks_enlarged: 231.
num_inconsistent_stats: 0.

CodeHeap 'non-profiled nmethods': size=120000Kb used=928Kb max_used=928Kb free=119071Kb
 bounds [0x000001eed49b0000, 0x000001eed4c20000, 0x000001eedbee0000]
CodeHeap 'profiled nmethods': size=120000Kb used=3687Kb max_used=3687Kb free=116312Kb
 bounds [0x000001eeccee0000, 0x000001eecd280000, 0x000001eed4410000]
CodeHeap 'non-nmethods': size=5760Kb used=1233Kb max_used=1257Kb free=4526Kb
 bounds [0x000001eed4410000, 0x000001eed4680000, 0x000001eed49b0000]
 total_blobs=2553 nmethods=2059 adapters=400
 compilation: enabled
              stopped_count=0, restarted_count=0
 full_count=0

Compilation events (20 events):
Event: 14.431 Thread 0x000001eedf563030 nmethod 2031 0x000001eecd265410 code [0x000001eecd265660, 0x000001eecd265de0]
Event: 14.566 Thread 0x000001eedf563030 2032   !   3       org.eclipse.osgi.storage.BundleInfo$Generation::getBundleFile (91 bytes)
Event: 14.567 Thread 0x000001eedf563030 nmethod 2032 0x000001eecd266090 code [0x000001eecd266280, 0x000001eecd266720]
Event: 14.567 Thread 0x000001eedf563030 2033       3       jdk.internal.misc.Unsafe::getInt (7 bytes)
Event: 14.568 Thread 0x000001eedf563030 nmethod 2033 0x000001eecd266990 code [0x000001eecd266b20, 0x000001eecd266c38]
Event: 14.592 Thread 0x000001eedf5628e0 2034       4       java.lang.StrictMath::ceil (10 bytes)
Event: 14.593 Thread 0x000001eedf563030 2036       3       java.util.HashSet::iterator (13 bytes)
Event: 14.594 Thread 0x000001eedf563030 nmethod 2036 0x000001eecd266d10 code [0x000001eecd266ee0, 0x000001eecd267178]
Event: 14.594 Thread 0x000001eedf5628e0 nmethod 2034 0x000001eed4a97590 code [0x000001eed4a97760, 0x000001eed4a978b0]
Event: 14.594 Thread 0x000001eedf5628e0 2037   !   4       java.lang.String::<init> (890 bytes)
Event: 14.595 Thread 0x000001eedf563030 2038       3       java.io.FileDescriptor::valid (25 bytes)
Event: 14.595 Thread 0x000001eedf563030 nmethod 2038 0x000001eecd267290 code [0x000001eecd267440, 0x000001eecd2675e0]
Event: 14.596 Thread 0x000001eedf563030 2039       3       java.lang.Math::abs (13 bytes)
Event: 14.596 Thread 0x000001eedf563030 nmethod 2039 0x000001eecd267690 code [0x000001eecd267840, 0x000001eecd2679a8]
Event: 14.597 Thread 0x000001eedf563030 2040   !   3       org.eclipse.osgi.storage.bundlefile.CloseableBundleFile::getEntry (28 bytes)
Event: 14.598 Thread 0x000001eedf563030 nmethod 2040 0x000001eecd267a10 code [0x000001eecd267c40, 0x000001eecd2685e0]
Event: 14.598 Thread 0x000001eedf563030 2041       3       org.eclipse.osgi.storage.bundlefile.ZipBundleFile::findEntry (62 bytes)
Event: 14.599 Thread 0x000001eedf563030 nmethod 2041 0x000001eecd268910 code [0x000001eecd268ba0, 0x000001eecd269778]
Event: 14.599 Thread 0x000001eedf563030 2042       3       org.eclipse.osgi.storage.bundlefile.ZipBundleFile::getZipEntry (87 bytes)
Event: 14.600 Thread 0x000001eedf563030 nmethod 2042 0x000001eecd269c10 code [0x000001eecd269f60, 0x000001eecd26b368]

GC Heap History (4 events):
Event: 1.026 GC heap before
{Heap before GC invocations=1 (full 0):
 PSYoungGen      total 29696K, used 25600K [0x00000000eab00000, 0x00000000ecc00000, 0x0000000100000000)
  eden space 25600K, 100% used [0x00000000eab00000,0x00000000ec400000,0x00000000ec400000)
  from space 4096K, 0% used [0x00000000ec800000,0x00000000ec800000,0x00000000ecc00000)
  to   space 4096K, 0% used [0x00000000ec400000,0x00000000ec400000,0x00000000ec800000)
 ParOldGen       total 68608K, used 0K [0x00000000c0000000, 0x00000000c4300000, 0x00000000eab00000)
  object space 68608K, 0% used [0x00000000c0000000,0x00000000c0000000,0x00000000c4300000)
 Metaspace       used 4300K, committed 4544K, reserved 1114112K
  class space    used 458K, committed 576K, reserved 1048576K
}
Event: 1.035 GC heap after
{Heap after GC invocations=1 (full 0):
 PSYoungGen      total 29696K, used 3270K [0x00000000eab00000, 0x00000000ecc00000, 0x0000000100000000)
  eden space 25600K, 0% used [0x00000000eab00000,0x00000000eab00000,0x00000000ec400000)
  from space 4096K, 79% used [0x00000000ec400000,0x00000000ec731870,0x00000000ec800000)
  to   space 4096K, 0% used [0x00000000ec800000,0x00000000ec800000,0x00000000ecc00000)
 ParOldGen       total 68608K, used 16K [0x00000000c0000000, 0x00000000c4300000, 0x00000000eab00000)
  object space 68608K, 0% used [0x00000000c0000000,0x00000000c0004000,0x00000000c4300000)
 Metaspace       used 4300K, committed 4544K, reserved 1114112K
  class space    used 458K, committed 576K, reserved 1048576K
}
Event: 10.690 GC heap before
{Heap before GC invocations=2 (full 0):
 PSYoungGen      total 29696K, used 28870K [0x00000000eab00000, 0x00000000ecc00000, 0x0000000100000000)
  eden space 25600K, 100% used [0x00000000eab00000,0x00000000ec400000,0x00000000ec400000)
  from space 4096K, 79% used [0x00000000ec400000,0x00000000ec731870,0x00000000ec800000)
  to   space 4096K, 0% used [0x00000000ec800000,0x00000000ec800000,0x00000000ecc00000)
 ParOldGen       total 68608K, used 16K [0x00000000c0000000, 0x00000000c4300000, 0x00000000eab00000)
  object space 68608K, 0% used [0x00000000c0000000,0x00000000c0004000,0x00000000c4300000)
 Metaspace       used 8150K, committed 8384K, reserved 1114112K
  class space    used 829K, committed 960K, reserved 1048576K
}
Event: 10.698 GC heap after
{Heap after GC invocations=2 (full 0):
 PSYoungGen      total 29696K, used 4068K [0x00000000eab00000, 0x00000000ecc00000, 0x0000000100000000)
  eden space 25600K, 0% used [0x00000000eab00000,0x00000000eab00000,0x00000000ec400000)
  from space 4096K, 99% used [0x00000000ec800000,0x00000000ecbf91d8,0x00000000ecc00000)
  to   space 4096K, 0% used [0x00000000ec400000,0x00000000ec400000,0x00000000ec800000)
 ParOldGen       total 68608K, used 1603K [0x00000000c0000000, 0x00000000c4300000, 0x00000000eab00000)
  object space 68608K, 2% used [0x00000000c0000000,0x00000000c0190f38,0x00000000c4300000)
 Metaspace       used 8150K, committed 8384K, reserved 1114112K
  class space    used 829K, committed 960K, reserved 1048576K
}

Dll operation events (9 events):
Event: 0.016 Loaded shared library c:\Users\kbre1\.vscode\extensions\redhat.java-1.42.0-win32-x64\jre\21.0.7-win32-x86_64\bin\java.dll
Event: 0.182 Loaded shared library c:\Users\kbre1\.vscode\extensions\redhat.java-1.42.0-win32-x64\jre\21.0.7-win32-x86_64\bin\zip.dll
Event: 0.213 Loaded shared library C:\Users\kbre1\.vscode\extensions\redhat.java-1.42.0-win32-x64\jre\21.0.7-win32-x86_64\bin\instrument.dll
Event: 0.220 Loaded shared library C:\Users\kbre1\.vscode\extensions\redhat.java-1.42.0-win32-x64\jre\21.0.7-win32-x86_64\bin\net.dll
Event: 0.225 Loaded shared library C:\Users\kbre1\.vscode\extensions\redhat.java-1.42.0-win32-x64\jre\21.0.7-win32-x86_64\bin\nio.dll
Event: 0.228 Loaded shared library C:\Users\kbre1\.vscode\extensions\redhat.java-1.42.0-win32-x64\jre\21.0.7-win32-x86_64\bin\zip.dll
Event: 0.249 Loaded shared library C:\Users\kbre1\.vscode\extensions\redhat.java-1.42.0-win32-x64\jre\21.0.7-win32-x86_64\bin\jimage.dll
Event: 0.341 Loaded shared library c:\Users\kbre1\.vscode\extensions\redhat.java-1.42.0-win32-x64\jre\21.0.7-win32-x86_64\bin\verify.dll
Event: 10.683 Loaded shared library C:\Users\kbre1\AppData\Roaming\Code\User\globalStorage\redhat.java\1.42.0\config_win\org.eclipse.equinox.launcher\org.eclipse.equinox.launcher.win32.win32.x86_64_1.2.1300.v20250331-1702\eclipse_11911.dll

Deoptimization events (20 events):
Event: 10.783 Thread 0x000001eee0ba5730 Uncommon trap: trap_request=0xffffff45 fr.pc=0x000001eed4a6b488 relative=0x0000000000000dc8
Event: 10.783 Thread 0x000001eee0ba5730 Uncommon trap: reason=unstable_if action=reinterpret pc=0x000001eed4a6b488 method=java.lang.String.<init>(Ljava/nio/charset/Charset;[BII)V @ 6 c2
Event: 10.783 Thread 0x000001eee0ba5730 DEOPT PACKING pc=0x000001eed4a6b488 sp=0x00000063379fde60
Event: 10.783 Thread 0x000001eee0ba5730 DEOPT UNPACKING pc=0x000001eed4463aa2 sp=0x00000063379fde10 mode 2
Event: 10.906 Thread 0x000001eee0ba5730 Uncommon trap: trap_request=0xffffff45 fr.pc=0x000001eed49ea274 relative=0x0000000000000054
Event: 10.907 Thread 0x000001eee0ba5730 Uncommon trap: reason=unstable_if action=reinterpret pc=0x000001eed49ea274 method=java.lang.CharacterData.of(I)Ljava/lang/CharacterData; @ 4 c2
Event: 10.907 Thread 0x000001eee0ba5730 DEOPT PACKING pc=0x000001eed49ea274 sp=0x00000063379fd890
Event: 10.907 Thread 0x000001eee0ba5730 DEOPT UNPACKING pc=0x000001eed4463aa2 sp=0x00000063379fd828 mode 2
Event: 11.173 Thread 0x000001eee0ba5730 Uncommon trap: trap_request=0xffffffde fr.pc=0x000001eed4a811e4 relative=0x0000000000000304
Event: 11.173 Thread 0x000001eee0ba5730 Uncommon trap: reason=class_check action=maybe_recompile pc=0x000001eed4a811e4 method=java.util.regex.Pattern$BmpCharPropertyGreedy.match(Ljava/util/regex/Matcher;ILjava/lang/CharSequence;)Z @ 26 c2
Event: 11.173 Thread 0x000001eee0ba5730 DEOPT PACKING pc=0x000001eed4a811e4 sp=0x00000063379fe010
Event: 11.173 Thread 0x000001eee0ba5730 DEOPT UNPACKING pc=0x000001eed4463aa2 sp=0x00000063379fdfc8 mode 2
Event: 11.173 Thread 0x000001eee0ba5730 Uncommon trap: trap_request=0xffffffde fr.pc=0x000001eed4a811e4 relative=0x0000000000000304
Event: 11.173 Thread 0x000001eee0ba5730 Uncommon trap: reason=class_check action=maybe_recompile pc=0x000001eed4a811e4 method=java.util.regex.Pattern$BmpCharPropertyGreedy.match(Ljava/util/regex/Matcher;ILjava/lang/CharSequence;)Z @ 26 c2
Event: 11.173 Thread 0x000001eee0ba5730 DEOPT PACKING pc=0x000001eed4a811e4 sp=0x00000063379fe020
Event: 11.173 Thread 0x000001eee0ba5730 DEOPT UNPACKING pc=0x000001eed4463aa2 sp=0x00000063379fdfd8 mode 2
Event: 11.182 Thread 0x000001eee0ba5730 Uncommon trap: trap_request=0xffffff45 fr.pc=0x000001eed4a5cfa0 relative=0x00000000000009c0
Event: 11.182 Thread 0x000001eee0ba5730 Uncommon trap: reason=unstable_if action=reinterpret pc=0x000001eed4a5cfa0 method=java.util.concurrent.ConcurrentHashMap.putVal(Ljava/lang/Object;Ljava/lang/Object;Z)Ljava/lang/Object; @ 148 c2
Event: 11.182 Thread 0x000001eee0ba5730 DEOPT PACKING pc=0x000001eed4a5cfa0 sp=0x00000063379fe540
Event: 11.182 Thread 0x000001eee0ba5730 DEOPT UNPACKING pc=0x000001eed4463aa2 sp=0x00000063379fe4b0 mode 2

Classes loaded (20 events):
Event: 10.882 Loading class sun/util/logging/resources/logging_en
Event: 10.882 Loading class sun/util/logging/resources/logging_en done
Event: 10.882 Loading class sun/util/logging/resources/logging_en
Event: 10.882 Loading class sun/util/logging/resources/logging_en done
Event: 10.883 Loading class sun/util/logging/resources/logging_en_US
Event: 10.883 Loading class sun/util/logging/resources/logging_en_US done
Event: 10.883 Loading class sun/util/logging/resources/logging_en_US
Event: 10.883 Loading class sun/util/logging/resources/logging_en_US done
Event: 10.886 Loading class java/util/Formatter$DateTime
Event: 10.886 Loading class java/util/Formatter$DateTime done
Event: 10.886 Loading class java/util/Formatter$FixedString
Event: 10.886 Loading class java/util/Formatter$FixedString done
Event: 10.887 Loading class java/time/ZonedDateTime$1
Event: 10.887 Loading class java/time/ZonedDateTime$1 done
Event: 10.894 Loading class jdk/internal/module/ModulePatcher$PatchedModuleReader
Event: 10.894 Loading class jdk/internal/module/ModulePatcher$PatchedModuleReader done
Event: 10.902 Loading class sun/text/resources/cldr/FormatData_en
Event: 10.903 Loading class sun/text/resources/cldr/FormatData_en done
Event: 10.903 Loading class sun/text/resources/cldr/FormatData_en_US
Event: 10.903 Loading class sun/text/resources/cldr/FormatData_en_US done

Classes unloaded (0 events):
No events

Classes redefined (0 events):
No events

Internal exceptions (20 events):
Event: 1.064 Thread 0x000001eec9d007e0 Implicit null exception at 0x000001eed4a0ec49 to 0x000001eed4a0f5c0
Event: 1.064 Thread 0x000001eec9d007e0 Implicit null exception at 0x000001eed4a1219a to 0x000001eed4a123a4
Event: 1.065 Thread 0x000001eec9d007e0 Exception <a 'java/lang/NoSuchMethodError'{0x00000000eaca36c8}: 'void java.lang.invoke.DirectMethodHandle$Holder.invokeStatic(java.lang.Object, java.lang.Object, java.lang.Object, java.lang.Object)'> (0x00000000eaca36c8) 
thrown [s\src\hotspot\share\interpreter\linkResolver.cpp, line 773]
Event: 1.067 Thread 0x000001eec9d007e0 Implicit null exception at 0x000001eed4a1009a to 0x000001eed4a102a4
Event: 1.067 Thread 0x000001eec9d007e0 Implicit null exception at 0x000001eed49babbd to 0x000001eed49bac41
Event: 1.104 Thread 0x000001eec9d007e0 Exception <a 'java/lang/NoSuchMethodError'{0x00000000eae60f28}: 'long java.lang.invoke.DirectMethodHandle$Holder.invokeStatic(java.lang.Object, java.lang.Object, int)'> (0x00000000eae60f28) 
thrown [s\src\hotspot\share\interpreter\linkResolver.cpp, line 773]
Event: 1.105 Thread 0x000001eec9d007e0 Exception <a 'java/lang/NoSuchMethodError'{0x00000000eae68918}: 'java.lang.Object java.lang.invoke.DirectMethodHandle$Holder.invokeSpecial(java.lang.Object, java.lang.Object, java.lang.Object, java.lang.Object, long)'> (0x00000000eae68918) 
thrown [s\src\hotspot\share\interpreter\linkResolver.cpp, line 773]
Event: 1.106 Thread 0x000001eec9d007e0 Exception <a 'java/lang/NoSuchMethodError'{0x00000000eae76310}: 'java.lang.Object java.lang.invoke.DirectMethodHandle$Holder.invokeSpecial(java.lang.Object, java.lang.Object, java.lang.Object, int, java.lang.Object)'> (0x00000000eae76310) 
thrown [s\src\hotspot\share\interpreter\linkResolver.cpp, line 773]
Event: 1.110 Thread 0x000001eec9d007e0 Exception <a 'java/lang/NoSuchMethodError'{0x00000000eae9fb90}: 'int java.lang.invoke.DirectMethodHandle$Holder.invokeStaticInit(java.lang.Object, java.lang.Object, java.lang.Object, java.lang.Object)'> (0x00000000eae9fb90) 
thrown [s\src\hotspot\share\interpreter\linkResolver.cpp, line 773]
Event: 1.110 Thread 0x000001eec9d007e0 Exception <a 'java/lang/IncompatibleClassChangeError'{0x00000000eaea8090}: Found class java.lang.Object, but interface was expected> (0x00000000eaea8090) 
thrown [s\src\hotspot\share\interpreter\linkResolver.cpp, line 840]
Event: 1.111 Thread 0x000001eec9d007e0 Exception <a 'java/lang/NoSuchMethodError'{0x00000000eaeac230}: 'void java.lang.invoke.DirectMethodHandle$Holder.invokeStaticInit(java.lang.Object, java.lang.Object)'> (0x00000000eaeac230) 
thrown [s\src\hotspot\share\interpreter\linkResolver.cpp, line 773]
Event: 1.111 Thread 0x000001eec9d007e0 Exception <a 'java/lang/NoSuchMethodError'{0x00000000eaeb32a8}: 'int java.lang.invoke.DirectMethodHandle$Holder.invokeStaticInit(java.lang.Object, java.lang.Object)'> (0x00000000eaeb32a8) 
thrown [s\src\hotspot\share\interpreter\linkResolver.cpp, line 773]
Event: 1.200 Thread 0x000001eec9d007e0 Exception <a 'java/lang/NoSuchMethodError'{0x00000000eb008e90}: 'void java.lang.invoke.DirectMethodHandle$Holder.invokeSpecial(java.lang.Object, java.lang.Object, java.lang.Object)'> (0x00000000eb008e90) 
thrown [s\src\hotspot\share\interpreter\linkResolver.cpp, line 773]
Event: 1.431 Thread 0x000001eec9d007e0 Exception <a 'java/lang/NoSuchMethodError'{0x00000000eb9969e0}: 'int java.lang.invoke.DirectMethodHandle$Holder.invokeVirtual(java.lang.Object, java.lang.Object)'> (0x00000000eb9969e0) 
thrown [s\src\hotspot\share\interpreter\linkResolver.cpp, line 773]
Event: 1.506 Thread 0x000001eec9d007e0 Exception <a 'java/lang/NoSuchMethodError'{0x00000000ebd014a8}: 'java.lang.Object java.lang.invoke.DirectMethodHandle$Holder.newInvokeSpecial(java.lang.Object, int, java.lang.Object)'> (0x00000000ebd014a8) 
thrown [s\src\hotspot\share\interpreter\linkResolver.cpp, line 773]
Event: 1.526 Thread 0x000001eec9d007e0 Exception <a 'java/lang/NoSuchMethodError'{0x00000000ebe82fa8}: 'java.lang.Object java.lang.invoke.DirectMethodHandle$Holder.newInvokeSpecial(java.lang.Object, java.lang.Object, java.lang.Object, java.lang.Object, int, java.lang.Object)'> (0x00000000ebe82fa8) 
thrown [s\src\hotspot\share\interpreter\linkResolver.cpp, line 773]
Event: 10.673 Thread 0x000001eec9d007e0 Exception <a 'java/lang/UnsatisfiedLinkError'{0x00000000ec31d7a0}: 'void org.eclipse.equinox.launcher.JNIBridge._update_splash()'> (0x00000000ec31d7a0) 
thrown [s\src\hotspot\share\prims\nativeLookup.cpp, line 415]
Event: 10.817 Thread 0x000001eee0ba5730 Exception <a 'java/lang/NoSuchMethodError'{0x00000000eb038330}: 'java.lang.Object java.lang.invoke.DirectMethodHandle$Holder.newInvokeSpecial(java.lang.Object, java.lang.Object, int, java.lang.Object)'> (0x00000000eb038330) 
thrown [s\src\hotspot\share\interpreter\linkResolver.cpp, line 773]
Event: 10.832 Thread 0x000001eee0ba5730 Exception <a 'java/lang/NoClassDefFoundError'{0x00000000eb0d83a0}: jakarta/servlet/ServletContainerInitializer> (0x00000000eb0d83a0) 
thrown [s\src\hotspot\share\classfile\systemDictionary.cpp, line 301]
Event: 10.881 Thread 0x000001eee0ba5730 Exception <a 'java/lang/ClassNotFoundException'{0x00000000eb230568}: sun/util/logging/resources/spi/loggingProvider> (0x00000000eb230568) 
thrown [s\src\hotspot\share\classfile\systemDictionary.cpp, line 312]

ZGC Phase Switch (0 events):
No events

VM Operations (20 events):
Event: 1.484 Executing VM operation: HandshakeAllThreads (Deoptimize)
Event: 1.484 Executing VM operation: HandshakeAllThreads (Deoptimize) done
Event: 1.497 Executing VM operation: HandshakeAllThreads (Deoptimize)
Event: 1.497 Executing VM operation: HandshakeAllThreads (Deoptimize) done
Event: 1.523 Executing VM operation: HandshakeAllThreads (Deoptimize)
Event: 1.523 Executing VM operation: HandshakeAllThreads (Deoptimize) done
Event: 2.530 Executing VM operation: Cleanup
Event: 2.530 Executing VM operation: Cleanup done
Event: 10.690 Executing VM operation: ParallelGCFailedAllocation (Allocation Failure)
Event: 10.698 Executing VM operation: ParallelGCFailedAllocation (Allocation Failure) done
Event: 10.787 Executing VM operation: HandshakeAllThreads (Deoptimize)
Event: 10.787 Executing VM operation: HandshakeAllThreads (Deoptimize) done
Event: 10.895 Executing VM operation: HandshakeAllThreads (Deoptimize)
Event: 10.895 Executing VM operation: HandshakeAllThreads (Deoptimize) done
Event: 10.908 Executing VM operation: HandshakeAllThreads (Deoptimize)
Event: 10.908 Executing VM operation: HandshakeAllThreads (Deoptimize) done
Event: 11.181 Executing VM operation: HandshakeAllThreads (Deoptimize)
Event: 11.181 Executing VM operation: HandshakeAllThreads (Deoptimize) done
Event: 12.177 Executing VM operation: Cleanup
Event: 12.177 Executing VM operation: Cleanup done

Memory protections (0 events):
No events

Nmethod flushes (0 events):
No events

Events (20 events):
Event: 0.132 Thread 0x000001eec9d007e0 Thread added: 0x000001eede0da460
Event: 0.133 Thread 0x000001eec9d007e0 Thread added: 0x000001eedf5520c0
Event: 0.133 Thread 0x000001eec9d007e0 Thread added: 0x000001eedf5628e0
Event: 0.133 Thread 0x000001eec9d007e0 Thread added: 0x000001eedf563030
Event: 0.166 Thread 0x000001eec9d007e0 Thread added: 0x000001eedf65cfe0
Event: 0.189 Thread 0x000001eedf5628e0 Thread added: 0x000001eedf67cda0
Event: 0.430 Thread 0x000001eec9d007e0 Thread added: 0x000001eedf8b8080
Event: 0.564 Thread 0x000001eedf563030 Thread added: 0x000001eee0575550
Event: 1.181 Thread 0x000001eee0575550 Thread exited: 0x000001eee0575550
Event: 1.270 Thread 0x000001eedf563030 Thread added: 0x000001eee5197410
Event: 1.472 Thread 0x000001eec9d007e0 Thread added: 0x000001eee0944780
Event: 1.696 Thread 0x000001eee5197410 Thread exited: 0x000001eee5197410
Event: 1.696 Thread 0x000001eedf67cda0 Thread exited: 0x000001eedf67cda0
Event: 10.671 Thread 0x000001eec9d007e0 Thread added: 0x000001eee080d990
Event: 10.719 Thread 0x000001eee080d990 Thread added: 0x000001eee0ba50d0
Event: 10.724 Thread 0x000001eec9d007e0 Thread added: 0x000001eee0ba5730
Event: 11.187 Thread 0x000001eedf5628e0 Thread added: 0x000001eee50bb6a0
Event: 11.193 Thread 0x000001eedf563030 Thread added: 0x000001eedf8ef040
Event: 11.456 Thread 0x000001eedf8ef040 Thread exited: 0x000001eedf8ef040
Event: 11.605 Thread 0x000001eee50bb6a0 Thread exited: 0x000001eee50bb6a0


Dynamic libraries:
0x00007ff767d90000 - 0x00007ff767d9e000 	c:\Users\kbre1\.vscode\extensions\redhat.java-1.42.0-win32-x64\jre\21.0.7-win32-x86_64\bin\java.exe
0x00007ffa54d80000 - 0x00007ffa54fe6000 	C:\WINDOWS\SYSTEM32\ntdll.dll
0x00007ffa53e30000 - 0x00007ffa53ef9000 	C:\WINDOWS\System32\KERNEL32.DLL
0x00007ffa52330000 - 0x00007ffa526fc000 	C:\WINDOWS\System32\KERNELBASE.dll
0x00007ffa4ba80000 - 0x00007ffa4bb1e000 	C:\WINDOWS\SYSTEM32\apphelp.dll
0x00007ffa529f0000 - 0x00007ffa52b3b000 	C:\WINDOWS\System32\ucrtbase.dll
0x00007ffa398a0000 - 0x00007ffa398b8000 	c:\Users\kbre1\.vscode\extensions\redhat.java-1.42.0-win32-x64\jre\21.0.7-win32-x86_64\bin\jli.dll
0x00007ffa39ae0000 - 0x00007ffa39afe000 	c:\Users\kbre1\.vscode\extensions\redhat.java-1.42.0-win32-x64\jre\21.0.7-win32-x86_64\bin\VCRUNTIME140.dll
0x00007ffa54970000 - 0x00007ffa54b3a000 	C:\WINDOWS\System32\USER32.dll
0x00007ffa2dda0000 - 0x00007ffa2e03a000 	C:\WINDOWS\WinSxS\amd64_microsoft.windows.common-controls_6595b64144ccf1df_6.0.26100.3912_none_3e07963ce335137e\COMCTL32.dll
0x00007ffa52260000 - 0x00007ffa52287000 	C:\WINDOWS\System32\win32u.dll
0x00007ffa53280000 - 0x00007ffa53329000 	C:\WINDOWS\System32\msvcrt.dll
0x00007ffa540f0000 - 0x00007ffa5411b000 	C:\WINDOWS\System32\GDI32.dll
0x00007ffa51f10000 - 0x00007ffa52042000 	C:\WINDOWS\System32\gdi32full.dll
0x00007ffa52940000 - 0x00007ffa529e3000 	C:\WINDOWS\System32\msvcp_win.dll
0x00007ffa53df0000 - 0x00007ffa53e20000 	C:\WINDOWS\System32\IMM32.DLL
0x00007ffa3d890000 - 0x00007ffa3d89c000 	c:\Users\kbre1\.vscode\extensions\redhat.java-1.42.0-win32-x64\jre\21.0.7-win32-x86_64\bin\vcruntime140_1.dll
0x00007ff9f3bc0000 - 0x00007ff9f3c4d000 	c:\Users\kbre1\.vscode\extensions\redhat.java-1.42.0-win32-x64\jre\21.0.7-win32-x86_64\bin\msvcp140.dll
0x00007ff993830000 - 0x00007ff9945c0000 	c:\Users\kbre1\.vscode\extensions\redhat.java-1.42.0-win32-x64\jre\21.0.7-win32-x86_64\bin\server\jvm.dll
0x00007ffa53560000 - 0x00007ffa53612000 	C:\WINDOWS\System32\ADVAPI32.dll
0x00007ffa54c90000 - 0x00007ffa54d36000 	C:\WINDOWS\System32\sechost.dll
0x00007ffa54850000 - 0x00007ffa54966000 	C:\WINDOWS\System32\RPCRT4.dll
0x00007ffa534e0000 - 0x00007ffa53554000 	C:\WINDOWS\System32\WS2_32.dll
0x00007ffa4bc90000 - 0x00007ffa4bcc6000 	C:\WINDOWS\SYSTEM32\WINMM.dll
0x00007ffa50b10000 - 0x00007ffa50b6e000 	C:\WINDOWS\SYSTEM32\POWRPROF.dll
0x00007ffa45f30000 - 0x00007ffa45f3b000 	C:\WINDOWS\SYSTEM32\VERSION.dll
0x00007ffa50af0000 - 0x00007ffa50b04000 	C:\WINDOWS\SYSTEM32\UMPDC.dll
0x00007ffa50dc0000 - 0x00007ffa50dda000 	C:\WINDOWS\SYSTEM32\kernel.appcore.dll
0x00007ffa39890000 - 0x00007ffa3989a000 	c:\Users\kbre1\.vscode\extensions\redhat.java-1.42.0-win32-x64\jre\21.0.7-win32-x86_64\bin\jimage.dll
0x00007ffa4f600000 - 0x00007ffa4f841000 	C:\WINDOWS\SYSTEM32\DBGHELP.DLL
0x00007ffa53a60000 - 0x00007ffa53de4000 	C:\WINDOWS\System32\combase.dll
0x00007ffa530c0000 - 0x00007ffa531a0000 	C:\WINDOWS\System32\OLEAUT32.dll
0x00007ffa31ab0000 - 0x00007ffa31ae9000 	C:\WINDOWS\SYSTEM32\dbgcore.DLL
0x00007ffa52290000 - 0x00007ffa52329000 	C:\WINDOWS\System32\bcryptPrimitives.dll
0x00007ffa39670000 - 0x00007ffa3967f000 	c:\Users\kbre1\.vscode\extensions\redhat.java-1.42.0-win32-x64\jre\21.0.7-win32-x86_64\bin\instrument.dll
0x00007ffa34830000 - 0x00007ffa3484f000 	c:\Users\kbre1\.vscode\extensions\redhat.java-1.42.0-win32-x64\jre\21.0.7-win32-x86_64\bin\java.dll
0x00007ffa54120000 - 0x00007ffa5484d000 	C:\WINDOWS\System32\SHELL32.dll
0x00007ffa527c0000 - 0x00007ffa52934000 	C:\WINDOWS\System32\wintypes.dll
0x00007ffa4fb60000 - 0x00007ffa503b6000 	C:\WINDOWS\SYSTEM32\windows.storage.dll
0x00007ffa54b90000 - 0x00007ffa54c7f000 	C:\WINDOWS\System32\SHCORE.dll
0x00007ffa53620000 - 0x00007ffa53689000 	C:\WINDOWS\System32\shlwapi.dll
0x00007ffa51e20000 - 0x00007ffa51e4f000 	C:\WINDOWS\SYSTEM32\profapi.dll
0x00007ffa30b60000 - 0x00007ffa30b78000 	c:\Users\kbre1\.vscode\extensions\redhat.java-1.42.0-win32-x64\jre\21.0.7-win32-x86_64\bin\zip.dll
0x00007ffa39660000 - 0x00007ffa39670000 	C:\Users\kbre1\.vscode\extensions\redhat.java-1.42.0-win32-x64\jre\21.0.7-win32-x86_64\bin\net.dll
0x00007ffa472e0000 - 0x00007ffa473fe000 	C:\WINDOWS\SYSTEM32\WINHTTP.dll
0x00007ffa51340000 - 0x00007ffa513aa000 	C:\WINDOWS\system32\mswsock.dll
0x00007ffa1c4c0000 - 0x00007ffa1c4d6000 	C:\Users\kbre1\.vscode\extensions\redhat.java-1.42.0-win32-x64\jre\21.0.7-win32-x86_64\bin\nio.dll
0x00007ffa330a0000 - 0x00007ffa330b0000 	c:\Users\kbre1\.vscode\extensions\redhat.java-1.42.0-win32-x64\jre\21.0.7-win32-x86_64\bin\verify.dll
0x00007ff9fac50000 - 0x00007ff9fac95000 	C:\Users\kbre1\AppData\Roaming\Code\User\globalStorage\redhat.java\1.42.0\config_win\org.eclipse.equinox.launcher\org.eclipse.equinox.launcher.win32.win32.x86_64_1.2.1300.v20250331-1702\eclipse_11911.dll
0x00007ffa538b0000 - 0x00007ffa53a4f000 	C:\WINDOWS\System32\ole32.dll

dbghelp: loaded successfully - version: 4.0.5 - missing functions: none
symbol engine: initialized successfully - sym options: 0x614 - pdb path: .;c:\Users\kbre1\.vscode\extensions\redhat.java-1.42.0-win32-x64\jre\21.0.7-win32-x86_64\bin;C:\WINDOWS\SYSTEM32;C:\WINDOWS\WinSxS\amd64_microsoft.windows.common-controls_6595b64144ccf1df_6.0.26100.3912_none_3e07963ce335137e;c:\Users\kbre1\.vscode\extensions\redhat.java-1.42.0-win32-x64\jre\21.0.7-win32-x86_64\bin\server;C:\Users\kbre1\AppData\Roaming\Code\User\globalStorage\redhat.java\1.42.0\config_win\org.eclipse.equinox.launcher\org.eclipse.equinox.launcher.win32.win32.x86_64_1.2.1300.v20250331-1702

VM Arguments:
jvm_args: --add-modules=ALL-SYSTEM --add-opens=java.base/java.util=ALL-UNNAMED --add-opens=java.base/java.lang=ALL-UNNAMED --add-opens=java.base/sun.nio.fs=ALL-UNNAMED -Declipse.application=org.eclipse.jdt.ls.core.id1 -Dosgi.bundles.defaultStartLevel=4 -Declipse.product=org.eclipse.jdt.ls.core.product -Djava.import.generatesMetadataFilesAtProjectRoot=false -DDetectVMInstallationsJob.disabled=true -Dfile.encoding=utf8 -XX:+UseParallelGC -XX:GCTimeRatio=4 -XX:AdaptiveSizePolicyWeight=90 -Dsun.zip.disableMemoryMapping=true -Xmx1G -Xms100m -Xlog:disable -javaagent:c:\Users\kbre1\.vscode\extensions\redhat.java-1.42.0-win32-x64\lombok\lombok-1.18.36.jar -XX:+HeapDumpOnOutOfMemoryError -XX:HeapDumpPath=c:\Users\kbre1\AppData\Roaming\Code\User\workspaceStorage\f7f399a47ae4d583e0a076f1800b6556\redhat.java -Daether.dependencyCollector.impl=bf 
java_command: c:\Users\kbre1\.vscode\extensions\redhat.java-1.42.0-win32-x64\server\plugins\org.eclipse.equinox.launcher_1.7.0.v20250424-1814.jar -configuration c:\Users\kbre1\AppData\Roaming\Code\User\globalStorage\redhat.java\1.42.0\config_win -data c:\Users\kbre1\AppData\Roaming\Code\User\workspaceStorage\f7f399a47ae4d583e0a076f1800b6556\redhat.java\jdt_ws --pipe=\\.\pipe\lsp-9b70fe3f37eb5c74892495296aa152f8-sock
java_class_path (initial): c:\Users\kbre1\.vscode\extensions\redhat.java-1.42.0-win32-x64\server\plugins\org.eclipse.equinox.launcher_1.7.0.v20250424-1814.jar
Launcher Type: SUN_STANDARD

[Global flags]
    uintx AdaptiveSizePolicyWeight                 = 90                                        {product} {command line}
     intx CICompilerCount                          = 4                                         {product} {ergonomic}
    uintx GCTimeRatio                              = 4                                         {product} {command line}
     bool HeapDumpOnOutOfMemoryError               = true                                   {manageable} {command line}
    ccstr HeapDumpPath                             = c:\Users\kbre1\AppData\Roaming\Code\User\workspaceStorage\f7f399a47ae4d583e0a076f1800b6556\redhat.java         {manageable} {command line}
   size_t InitialHeapSize                          = 104857600                                 {product} {command line}
   size_t MaxHeapSize                              = 1073741824                                {product} {command line}
   size_t MaxNewSize                               = 357564416                                 {product} {ergonomic}
   size_t MinHeapDeltaBytes                        = 524288                                    {product} {ergonomic}
   size_t MinHeapSize                              = 104857600                                 {product} {command line}
   size_t NewSize                                  = 34603008                                  {product} {ergonomic}
    uintx NonNMethodCodeHeapSize                   = 5839372                                {pd product} {ergonomic}
    uintx NonProfiledCodeHeapSize                  = 122909434                              {pd product} {ergonomic}
   size_t OldSize                                  = 70254592                                  {product} {ergonomic}
    uintx ProfiledCodeHeapSize                     = 122909434                              {pd product} {ergonomic}
    uintx ReservedCodeCacheSize                    = 251658240                              {pd product} {ergonomic}
     bool SegmentedCodeCache                       = true                                      {product} {ergonomic}
   size_t SoftMaxHeapSize                          = 1073741824                             {manageable} {ergonomic}
     bool UseCompressedOops                        = true                           {product lp64_product} {ergonomic}
     bool UseLargePagesIndividualAllocation        = false                                  {pd product} {ergonomic}
     bool UseParallelGC                            = true                                      {product} {command line}

Logging:
Log output configuration:
 #0: stdout all=off uptime,level,tags foldmultilines=false
 #1: stderr all=off uptime,level,tags foldmultilines=false

Environment Variables:
PATH=C:\Program Files\Common Files\Oracle\Java\javapath;C:\Program Files (x86)\Common Files\Oracle\Java\java8path;C:\Program Files (x86)\Common Files\Oracle\Java\javapath;C:\Program Files\Python312\Scripts\;C:\Program Files\Python312\;C:\oraclexe\app\oracle\product\10.2.0\server\bin;C:\windows\system32;C:\windows;C:\windows\System32\Wbem;C:\windows\System32\WindowsPowerShell\v1.0\;C:\windows\System32\OpenSSH\;C:\Program Files\dotnet\;C:\Program Files\nodejs\;C:\Program Files\HP\HP One Agent;C:\xampp\php;C:\ProgramData\ComposerSetup\bin;C:\Program Files\Microsoft\Web Platform Installer\;C:\Program Files (x86)\Microsoft ASP.NET\ASP.NET Web Pages\v1.0\;C:\Program Files (x86)\Windows Kits\8.0\Windows Performance Toolkit\;C:\Program Files\Microsoft SQL Server\110\Tools\Binn\;C:\Program Files (x86)\Microsoft SQL Server\110\Tools\Binn\;C:\Program Files\Microsoft SQL Server\110\DTS\Binn\;C:\Program Files (x86)\Microsoft SQL Server\110\Tools\Binn\ManagementStudio\;C:\Program Files (x86)\Microsoft Visual Studio 10.0\Common7\IDE\PrivateAssemblies\;C:\Program Files (x86)\Microsoft SQL Server\110\DTS\Binn\;C:\Program Files\Git\cmd;C:\Program Files\Git\bin\;C:\Program Files\PuTTY\;D:\crucial\Control\Crucial Storage Executive;C:\apache-maven-3.9.9\bin;;C:\WINDOWS\system32;C:\WINDOWS;C:\WINDOWS\System32\Wbem;C:\WINDOWS\System32\WindowsPowerShell\v1.0\;C:\WINDOWS\System32\OpenSSH\;C:\Program Files\Docker\Docker\resources\bin;C:\Program Files\MySQL\MySQL Shell 8.0\bin\;C:\Users\kbre1\AppData\Local\Programs\Python\Launcher\;C:\Users\kbre1\AppData\Local\Microsoft\WindowsApps;C:\Users\kbre1\AppData\Local\Programs\Microsoft VS Code\bin;C:\Users\kbre1\AppData\Roaming\npm;C:\ghcup\bin;C:\Users\kbre1\AppData\Roaming\Composer\vendor\bin
USERNAME=kbre1
OS=Windows_NT
PROCESSOR_IDENTIFIER=Intel64 Family 6 Model 186 Stepping 3, GenuineIntel
TMP=C:\Users\kbre1\AppData\Local\Temp
TEMP=C:\Users\kbre1\AppData\Local\Temp




Periodic native trim disabled

---------------  S Y S T E M  ---------------

OS:
 Windows 11 , 64 bit Build 26100 (10.0.26100.3912)
OS uptime: 23 days 21:13 hours
Hyper-V role detected

CPU: total 12 (initial active 12) (6 cores per cpu, 2 threads per core) family 6 model 186 stepping 3 microcode 0x4123, cx8, cmov, fxsr, ht, mmx, 3dnowpref, sse, sse2, sse3, ssse3, sse4.1, sse4.2, popcnt, lzcnt, tsc, tscinvbit, avx, avx2, aes, erms, clmul, bmi1, bmi2, adx, sha, fma, vzeroupper, clflush, clflushopt, clwb, hv, serialize, rdtscp, rdpid, fsrm, f16c, cet_ibt, cet_ss
Processor Information for processor 0
  Max Mhz: 1700, Current Mhz: 1700, Mhz Limit: 1700
Processor Information for processor 1
  Max Mhz: 1700, Current Mhz: 1700, Mhz Limit: 1700
Processor Information for processor 2
  Max Mhz: 1700, Current Mhz: 1700, Mhz Limit: 1700
Processor Information for processor 3
  Max Mhz: 1700, Current Mhz: 1700, Mhz Limit: 1700
Processor Information for processor 4
  Max Mhz: 1700, Current Mhz: 1200, Mhz Limit: 1190
Processor Information for processor 5
  Max Mhz: 1700, Current Mhz: 1200, Mhz Limit: 1190
Processor Information for processor 6
  Max Mhz: 1700, Current Mhz: 1200, Mhz Limit: 1190
Processor Information for processor 7
  Max Mhz: 1700, Current Mhz: 1200, Mhz Limit: 1190
Processor Information for processor 8
  Max Mhz: 1700, Current Mhz: 1200, Mhz Limit: 1190
Processor Information for processor 9
  Max Mhz: 1700, Current Mhz: 1200, Mhz Limit: 1190
Processor Information for processor 10
  Max Mhz: 1700, Current Mhz: 1200, Mhz Limit: 1190
Processor Information for processor 11
  Max Mhz: 1700, Current Mhz: 1200, Mhz Limit: 1190

Memory: 4k page, system-wide physical 16095M (1009M free)
TotalPageFile size 28298M (AvailPageFile size 43M)
current process WorkingSet (physical memory assigned to process): 101M, peak: 102M
current process commit charge ("private bytes"): 218M, peak: 219M

vm_info: OpenJDK 64-Bit Server VM (21.0.7+6-LTS) for windows-amd64 JRE (21.0.7+6-LTS), built on 2025-04-15T00:00:00Z by "admin" with MS VC++ 17.7 (VS2022)

END.
